2020-10-23 23:46:05 info: API SERVER Running at:undefined
2020-10-23 23:46:07 info: DB Conenction Sucess
2020-10-23 23:46:28 info: API SERVER Running at:3001
2020-10-23 23:46:29 info: DB Conenction Sucess
2020-10-23 23:46:31 info: API SERVER Running at:3001
2020-10-23 23:46:32 info: DB Conenction Sucess
2020-10-24 11:11:11 info: DB Conenction Sucess
2020-10-24 11:15:24 info: GET /api/v1/ping 404 7.142 ms - 57
2020-10-24 11:16:09 info: API SERVER Running at:3001
2020-10-24 11:16:10 info: DB Conenction Sucess
2020-10-24 11:16:11 info: GET /api/v1/ping 200 7.433 ms - 23
2020-10-24 11:16:44 info: API SERVER Running at:3001
2020-10-24 11:16:44 info: DB Conenction Sucess
2020-10-24 11:17:14 info: API SERVER Running at:3001
2020-10-24 11:17:16 info: DB Conenction Sucess
2020-10-24 11:18:03 info: API SERVER Running at:3001
2020-10-24 11:18:04 info: DB Conenction Sucess
2020-10-24 11:19:59 info: API SERVER Running at:3001
2020-10-24 11:20:00 info: DB Conenction Sucess
2020-10-24 11:20:03 info: API SERVER Running at:3001
2020-10-24 11:20:04 info: DB Conenction Sucess
2020-10-24 11:20:16 info: API SERVER Running at:3001
2020-10-24 11:20:18 info: DB Conenction Sucess
2020-10-24 11:20:22 info: API SERVER Running at:3001
2020-10-24 11:20:22 info: DB Conenction Sucess
2020-10-24 11:20:36 info: API SERVER Running at:3001
2020-10-24 11:20:37 info: DB Conenction Sucess
2020-10-24 11:20:51 info: API SERVER Running at:3001
2020-10-24 11:20:52 info: DB Conenction Sucess
2020-10-24 11:21:01 info: API SERVER Running at:3001
2020-10-24 11:21:03 info: DB Conenction Sucess
2020-10-24 11:21:39 info: API SERVER Running at:3001
2020-10-24 11:21:40 info: DB Conenction Sucess
2020-10-24 11:22:39 info: API SERVER Running at:3001
2020-10-24 11:22:41 info: DB Conenction Sucess
2020-10-24 11:22:54 info: API SERVER Running at:3001
2020-10-24 11:22:55 info: DB Conenction Sucess
2020-10-24 11:23:11 info: API SERVER Running at:3001
2020-10-24 11:23:12 info: DB Conenction Sucess
2020-10-24 11:23:18 info: API SERVER Running at:3001
2020-10-24 11:23:18 info: DB Conenction Sucess
2020-10-24 11:23:34 info: API SERVER Running at:3001
2020-10-24 11:23:35 info: DB Conenction Sucess
2020-10-24 11:23:38 info: API SERVER Running at:3001
2020-10-24 11:23:39 info: DB Conenction Sucess
2020-10-24 11:24:39 info: API SERVER Running at:3001
2020-10-24 11:24:41 info: DB Conenction Sucess
2020-10-24 11:24:52 info: API SERVER Running at:3001
2020-10-24 11:24:53 info: DB Conenction Sucess
2020-10-24 11:24:58 info: API SERVER Running at:3001
2020-10-24 11:24:59 info: DB Conenction Sucess
2020-10-24 11:25:23 info: API SERVER Running at:3001
2020-10-24 11:25:25 info: DB Conenction Sucess
2020-10-24 11:26:01 info: API SERVER Running at:3001
2020-10-24 11:26:02 info: DB Conenction Sucess
2020-10-24 11:26:17 info: API SERVER Running at:3001
2020-10-24 11:26:18 info: DB Conenction Sucess
2020-10-24 11:26:26 info: API SERVER Running at:3001
2020-10-24 11:26:27 info: DB Conenction Sucess
2020-10-24 11:26:34 info: API SERVER Running at:3001
2020-10-24 11:26:35 info: DB Conenction Sucess
2020-10-24 11:26:55 info: API SERVER Running at:3001
2020-10-24 11:26:56 info: DB Conenction Sucess
2020-10-24 11:28:29 info: API SERVER Running at:3001
2020-10-24 11:28:30 info: DB Conenction Sucess
2020-10-24 11:29:06 info: API SERVER Running at:3001
2020-10-24 11:29:07 info: DB Conenction Sucess
2020-10-24 11:29:25 info: API SERVER Running at:3001
2020-10-24 11:29:26 info: DB Conenction Sucess
2020-10-24 11:30:07 info: API SERVER Running at:3001
2020-10-24 11:30:09 info: DB Conenction Sucess
2020-10-24 11:30:19 info: API SERVER Running at:3001
2020-10-24 11:30:20 info: DB Conenction Sucess
2020-10-24 11:30:55 info: API SERVER Running at:3001
2020-10-24 11:30:56 info: DB Conenction Sucess
2020-10-24 11:31:05 info: API SERVER Running at:3001
2020-10-24 11:31:06 info: DB Conenction Sucess
2020-10-24 11:31:14 info: API SERVER Running at:3001
2020-10-24 11:31:16 info: DB Conenction Sucess
2020-10-24 11:31:18 info: API SERVER Running at:3001
2020-10-24 11:31:20 info: DB Conenction Sucess
2020-10-24 11:31:33 info: API SERVER Running at:3001
2020-10-24 11:31:34 info: DB Conenction Sucess
2020-10-24 11:31:56 info: API SERVER Running at:3001
2020-10-24 11:31:57 info: DB Conenction Sucess
2020-10-24 11:32:02 info: API SERVER Running at:3001
2020-10-24 11:32:03 info: DB Conenction Sucess
2020-10-24 11:32:35 info: API SERVER Running at:3001
2020-10-24 11:32:36 info: DB Conenction Sucess
2020-10-24 11:32:50 info: API SERVER Running at:3001
2020-10-24 11:32:51 info: DB Conenction Sucess
2020-10-24 11:32:59 info: API SERVER Running at:3001
2020-10-24 11:33:00 info: DB Conenction Sucess
2020-10-24 11:33:04 info: API SERVER Running at:3001
2020-10-24 11:33:05 info: DB Conenction Sucess
2020-10-24 11:33:15 info: API SERVER Running at:3001
2020-10-24 11:33:16 info: DB Conenction Sucess
2020-10-24 11:35:09 info: API SERVER Running at:3001
2020-10-24 11:35:10 info: DB Conenction Sucess
2020-10-24 11:35:19 info: API SERVER Running at:3001
2020-10-24 11:35:20 info: DB Conenction Sucess
2020-10-24 11:35:35 info: API SERVER Running at:3001
2020-10-24 11:35:36 info: DB Conenction Sucess
2020-10-24 11:35:58 info: API SERVER Running at:3001
2020-10-24 11:35:59 info: DB Conenction Sucess
2020-10-24 11:36:27 info: API SERVER Running at:3001
2020-10-24 11:36:28 info: DB Conenction Sucess
2020-10-24 11:36:42 info: API SERVER Running at:3001
2020-10-24 11:36:43 info: DB Conenction Sucess
2020-10-24 11:36:55 info: API SERVER Running at:3001
2020-10-24 11:36:56 info: DB Conenction Sucess
2020-10-24 11:37:13 info: API SERVER Running at:3001
2020-10-24 11:37:14 info: DB Conenction Sucess
2020-10-24 11:37:53 info: API SERVER Running at:3001
2020-10-24 11:37:55 info: DB Conenction Sucess
2020-10-24 11:37:59 info: API SERVER Running at:3001
2020-10-24 11:37:59 info: DB Conenction Sucess
2020-10-24 11:38:17 info: API SERVER Running at:3001
2020-10-24 11:38:18 info: DB Conenction Sucess
2020-10-24 11:38:41 info: API SERVER Running at:3001
2020-10-24 11:38:42 info: API SERVER Running at:3001
2020-10-24 11:38:43 info: DB Conenction Sucess
2020-10-24 11:39:25 info: API SERVER Running at:3001
2020-10-24 11:39:27 info: DB Conenction Sucess
2020-10-24 11:39:31 info: API SERVER Running at:3001
2020-10-24 11:39:33 info: DB Conenction Sucess
2020-10-24 11:39:36 info: API SERVER Running at:3001
2020-10-24 11:39:37 info: DB Conenction Sucess
2020-10-24 11:39:56 info: API SERVER Running at:3001
2020-10-24 11:39:57 info: DB Conenction Sucess
2020-10-24 11:39:58 info: API SERVER Running at:3001
2020-10-24 11:39:59 info: DB Conenction Sucess
2020-10-24 11:40:09 info: API SERVER Running at:3001
2020-10-24 11:40:10 info: DB Conenction Sucess
2020-10-24 11:41:13 info: API SERVER Running at:3001
2020-10-24 11:41:14 info: DB Conenction Sucess
2020-10-24 11:41:54 info: API SERVER Running at:3001
2020-10-24 11:41:55 info: DB Conenction Sucess
2020-10-24 11:43:05 info: API SERVER Running at:3001
2020-10-24 11:43:06 info: DB Conenction Sucess
2020-10-24 11:43:12 info: API SERVER Running at:3001
2020-10-24 11:43:13 info: DB Conenction Sucess
2020-10-24 11:43:16 info: API SERVER Running at:3001
2020-10-24 11:43:17 info: DB Conenction Sucess
2020-10-24 11:44:51 info: API SERVER Running at:3001
2020-10-24 11:44:53 info: DB Conenction Sucess
2020-10-24 11:45:24 info: API SERVER Running at:3001
2020-10-24 11:45:26 info: DB Conenction Sucess
2020-10-24 11:45:36 info: API SERVER Running at:3001
2020-10-24 11:45:37 info: DB Conenction Sucess
2020-10-24 11:46:09 info: API SERVER Running at:3001
2020-10-24 11:46:10 info: DB Conenction Sucess
2020-10-24 11:46:12 info: API SERVER Running at:3001
2020-10-24 11:46:13 info: DB Conenction Sucess
2020-10-24 11:46:17 info: API SERVER Running at:3001
2020-10-24 11:46:18 info: DB Conenction Sucess
2020-10-24 11:46:22 info: API SERVER Running at:3001
2020-10-24 11:46:23 info: DB Conenction Sucess
2020-10-24 11:46:26 info: API SERVER Running at:3001
2020-10-24 11:46:27 info: DB Conenction Sucess
2020-10-24 11:46:35 info: API SERVER Running at:3001
2020-10-24 11:46:36 info: DB Conenction Sucess
2020-10-24 11:46:54 info: API SERVER Running at:3001
2020-10-24 11:46:55 info: DB Conenction Sucess
2020-10-24 11:47:19 info: API SERVER Running at:3001
2020-10-24 11:47:21 info: DB Conenction Sucess
2020-10-24 11:47:38 info: API SERVER Running at:3001
2020-10-24 11:47:39 info: DB Conenction Sucess
2020-10-24 11:48:06 info: API SERVER Running at:3001
2020-10-24 11:48:07 info: DB Conenction Sucess
2020-10-24 11:50:02 info: API SERVER Running at:3001
2020-10-24 11:50:04 info: DB Conenction Sucess
2020-10-24 11:50:47 info: API SERVER Running at:3001
2020-10-24 11:50:48 info: DB Conenction Sucess
2020-10-24 11:50:56 info: API SERVER Running at:3001
2020-10-24 11:50:57 info: DB Conenction Sucess
2020-10-24 11:51:06 info: API SERVER Running at:3001
2020-10-24 11:51:08 info: DB Conenction Sucess
2020-10-24 11:51:29 info: API SERVER Running at:3001
2020-10-24 11:51:30 info: DB Conenction Sucess
2020-10-24 11:52:02 info: API SERVER Running at:3001
2020-10-24 11:52:03 info: DB Conenction Sucess
2020-10-24 11:52:59 info: API SERVER Running at:3001
2020-10-24 11:53:00 info: DB Conenction Sucess
2020-10-24 11:53:34 info: API SERVER Running at:3001
2020-10-24 11:53:35 info: DB Conenction Sucess
2020-10-24 11:53:49 info: API SERVER Running at:3001
2020-10-24 11:53:50 info: DB Conenction Sucess
2020-10-24 11:54:17 info: API SERVER Running at:3001
2020-10-24 11:54:19 info: DB Conenction Sucess
2020-10-24 11:54:38 info: API SERVER Running at:3001
2020-10-24 11:54:39 info: DB Conenction Sucess
2020-10-24 11:54:54 info: API SERVER Running at:3001
2020-10-24 11:54:55 info: API SERVER Running at:3001
2020-10-24 11:54:57 info: DB Conenction Sucess
2020-10-24 11:57:43 info: API SERVER Running at:3001
2020-10-24 11:57:44 info: DB Conenction Sucess
2020-10-24 11:58:04 info: API SERVER Running at:3001
2020-10-24 11:58:05 info: DB Conenction Sucess
2020-10-24 11:58:30 info: Regestration Parameter validation
2020-10-24 11:58:30 info: POST /api/v1/user/register 200 21.042 ms - 53
2020-10-24 11:59:15 info: API SERVER Running at:3001
2020-10-24 11:59:16 info: DB Conenction Sucess
2020-10-24 11:59:18 info: Regestration Parameter validation
2020-10-24 11:59:18 info: POST /api/v1/user/register 200 15.808 ms - 53
2020-10-24 12:00:18 info: API SERVER Running at:3001
2020-10-24 12:00:20 info: DB Conenction Sucess
2020-10-24 12:00:24 info: Regestration Parameter validation
2020-10-24 12:00:24 info: POST /api/v1/user/register 400 25.151 ms - 281
2020-10-24 12:01:06 info: API SERVER Running at:3001
2020-10-24 12:01:07 info: DB Conenction Sucess
2020-10-24 12:01:16 info: API SERVER Running at:3001
2020-10-24 12:01:17 info: API SERVER Running at:3001
2020-10-24 12:01:18 info: DB Conenction Sucess
2020-10-24 12:01:28 info: Regestration Parameter validation
2020-10-24 12:01:28 info: POST /api/v1/user/register 400 23.866 ms - 167
2020-10-24 12:02:03 info: API SERVER Running at:3001
2020-10-24 12:02:04 info: DB Conenction Sucess
2020-10-24 12:02:05 info: Regestration Parameter validation
2020-10-24 12:02:05 info: User Registration Control
2020-10-24 12:02:05 info: POST /api/v1/user/register 400 334.653 ms - 71
2020-10-24 12:04:04 info: API SERVER Running at:3001
2020-10-24 12:04:05 info: DB Conenction Sucess
2020-10-24 12:04:08 info: Regestration Parameter validation
2020-10-24 12:04:08 info: User Registration Control
2020-10-24 12:04:34 info: API SERVER Running at:3001
2020-10-24 12:04:35 info: DB Conenction Sucess
2020-10-24 12:04:53 info: Regestration Parameter validation
2020-10-24 12:04:53 info: User Registration Control
2020-10-24 12:05:40 info: API SERVER Running at:3001
2020-10-24 12:05:41 info: DB Conenction Sucess
2020-10-24 12:05:41 info: Regestration Parameter validation
2020-10-24 12:05:41 info: User Registration Control
2020-10-24 12:05:42 info: hashed pwd$2b$11$fYfdQ2/z4HL.s8ik90qXU.M1gDuzqyiZFas.Qwj6Zu1DAturj1X8W
2020-10-24 12:05:42 info: USerschema:{
  _id: 5f93cb3e1d269674d14d5533,
  userId: '_ofyQhK9u',
  name: 'Saurabh Bharti',
  email: 'sb@api.com',
  username: 'sbhbp',
  password: '$2b$11$fYfdQ2/z4HL.s8ik90qXU.M1gDuzqyiZFas.Qwj6Zu1DAturj1X8W'
}
2020-10-24 12:05:42 info: POST /api/v1/user/register 200 508.428 ms - 163
2020-10-24 12:05:52 info: Regestration Parameter validation
2020-10-24 12:05:52 info: User Registration Control
2020-10-24 12:05:52 info: POST /api/v1/user/register 400 129.263 ms - 71
2020-10-24 12:07:00 info: API SERVER Running at:3001
2020-10-24 12:07:01 info: DB Conenction Sucess
2020-10-24 12:07:03 info: API SERVER Running at:3001
2020-10-24 12:07:04 info: DB Conenction Sucess
2020-10-24 12:07:08 info: API SERVER Running at:3001
2020-10-24 12:07:09 info: DB Conenction Sucess
2020-10-24 12:07:16 info: API SERVER Running at:3001
2020-10-24 12:07:17 info: DB Conenction Sucess
2020-10-24 12:07:44 info: API SERVER Running at:3001
2020-10-24 12:07:45 info: DB Conenction Sucess
2020-10-24 12:08:33 info: API SERVER Running at:3001
2020-10-24 12:08:35 info: DB Conenction Sucess
2020-10-24 12:08:41 info: API SERVER Running at:3001
2020-10-24 12:08:42 info: DB Conenction Sucess
2020-10-24 12:09:24 info: API SERVER Running at:3001
2020-10-24 12:09:25 info: DB Conenction Sucess
2020-10-24 12:09:32 info: API SERVER Running at:3001
2020-10-24 12:09:33 info: DB Conenction Sucess
2020-10-24 12:09:59 info: API SERVER Running at:3001
2020-10-24 12:10:01 info: DB Conenction Sucess
2020-10-24 12:10:19 info: API SERVER Running at:3001
2020-10-24 12:10:20 info: DB Conenction Sucess
2020-10-24 12:11:04 info: API SERVER Running at:3001
2020-10-24 12:11:05 info: DB Conenction Sucess
2020-10-24 12:11:11 info: API SERVER Running at:3001
2020-10-24 12:11:12 info: DB Conenction Sucess
2020-10-24 12:11:22 info: API SERVER Running at:3001
2020-10-24 12:11:23 info: DB Conenction Sucess
2020-10-24 12:13:24 info: API SERVER Running at:3001
2020-10-24 12:13:26 info: DB Conenction Sucess
2020-10-24 12:13:34 info: API SERVER Running at:3001
2020-10-24 12:13:35 info: DB Conenction Sucess
2020-10-24 12:14:03 info: API SERVER Running at:3001
2020-10-24 12:14:04 info: DB Conenction Sucess
2020-10-24 12:14:07 info: API SERVER Running at:3001
2020-10-24 12:14:08 info: DB Conenction Sucess
2020-10-24 12:14:15 info: API SERVER Running at:3001
2020-10-24 12:14:17 info: DB Conenction Sucess
2020-10-24 12:14:33 info: API SERVER Running at:3001
2020-10-24 12:14:35 info: DB Conenction Sucess
2020-10-24 12:14:50 info: API SERVER Running at:3001
2020-10-24 12:14:51 info: DB Conenction Sucess
2020-10-24 12:14:54 info: API SERVER Running at:3001
2020-10-24 12:14:55 info: DB Conenction Sucess
2020-10-24 12:15:15 info: API SERVER Running at:3001
2020-10-24 12:15:16 info: DB Conenction Sucess
2020-10-24 12:15:29 info: API SERVER Running at:3001
2020-10-24 12:15:30 info: DB Conenction Sucess
2020-10-24 12:15:44 info: API SERVER Running at:3001
2020-10-24 12:15:45 info: DB Conenction Sucess
2020-10-24 12:16:32 info: API SERVER Running at:3001
2020-10-24 12:16:33 info: DB Conenction Sucess
2020-10-24 12:17:15 info: API SERVER Running at:3001
2020-10-24 12:17:16 info: DB Conenction Sucess
2020-10-24 12:17:38 info: API SERVER Running at:3001
2020-10-24 12:17:39 info: DB Conenction Sucess
2020-10-24 12:17:56 info: API SERVER Running at:3001
2020-10-24 12:17:57 info: DB Conenction Sucess
2020-10-24 12:18:35 info: API SERVER Running at:3001
2020-10-24 12:18:36 info: DB Conenction Sucess
2020-10-24 12:18:37 info: API SERVER Running at:3001
2020-10-24 12:18:38 info: DB Conenction Sucess
2020-10-24 12:19:10 info: API SERVER Running at:3001
2020-10-24 12:19:11 info: DB Conenction Sucess
2020-10-24 12:19:38 info: API SERVER Running at:3001
2020-10-24 12:19:40 info: DB Conenction Sucess
2020-10-24 12:20:02 info: API SERVER Running at:3001
2020-10-24 12:20:03 info: DB Conenction Sucess
2020-10-24 12:20:33 info: API SERVER Running at:3001
2020-10-24 12:20:34 info: DB Conenction Sucess
2020-10-24 12:20:40 info: API SERVER Running at:3001
2020-10-24 12:20:41 info: DB Conenction Sucess
2020-10-24 12:20:45 info: API SERVER Running at:3001
2020-10-24 12:20:47 info: DB Conenction Sucess
2020-10-24 12:20:53 info: API SERVER Running at:3001
2020-10-24 12:20:54 info: DB Conenction Sucess
2020-10-24 12:21:22 info: API SERVER Running at:3001
2020-10-24 12:21:23 info: DB Conenction Sucess
2020-10-24 12:21:52 info: API SERVER Running at:3001
2020-10-24 12:21:53 info: DB Conenction Sucess
2020-10-24 12:21:57 info: API SERVER Running at:3001
2020-10-24 12:21:58 info: DB Conenction Sucess
2020-10-24 12:22:33 info: API SERVER Running at:3001
2020-10-24 12:22:34 info: DB Conenction Sucess
2020-10-24 12:22:36 info: API SERVER Running at:3001
2020-10-24 12:22:37 info: DB Conenction Sucess
2020-10-24 12:23:31 info: API SERVER Running at:3001
2020-10-24 12:23:33 info: DB Conenction Sucess
2020-10-24 12:24:22 info: API SERVER Running at:3001
2020-10-24 12:24:23 info: DB Conenction Sucess
2020-10-24 12:24:50 info: API SERVER Running at:3001
2020-10-24 12:24:52 info: DB Conenction Sucess
2020-10-24 12:24:54 info: API SERVER Running at:3001
2020-10-24 12:24:55 info: DB Conenction Sucess
2020-10-24 12:25:39 info: API SERVER Running at:3001
2020-10-24 12:25:40 info: DB Conenction Sucess
2020-10-24 12:26:18 info: API SERVER Running at:3001
2020-10-24 12:26:19 info: DB Conenction Sucess
2020-10-24 12:26:29 info: API SERVER Running at:3001
2020-10-24 12:26:30 info: DB Conenction Sucess
2020-10-24 12:27:23 info: API SERVER Running at:3001
2020-10-24 12:27:24 info: DB Conenction Sucess
2020-10-24 12:27:52 info: API SERVER Running at:3001
2020-10-24 12:27:53 info: DB Conenction Sucess
2020-10-24 12:28:02 info: API SERVER Running at:3001
2020-10-24 12:28:03 info: DB Conenction Sucess
2020-10-24 12:28:35 info: API SERVER Running at:3001
2020-10-24 12:28:37 info: DB Conenction Sucess
2020-10-24 12:28:57 info: API SERVER Running at:3001
2020-10-24 12:28:58 info: DB Conenction Sucess
2020-10-24 12:29:23 info: API SERVER Running at:3001
2020-10-24 12:29:24 info: DB Conenction Sucess
2020-10-24 12:29:34 info: API SERVER Running at:3001
2020-10-24 12:29:35 info: DB Conenction Sucess
2020-10-24 12:29:40 info: API SERVER Running at:3001
2020-10-24 12:29:42 info: DB Conenction Sucess
2020-10-24 12:31:09 info: API SERVER Running at:3001
2020-10-24 12:31:10 info: DB Conenction Sucess
2020-10-24 12:31:28 info: API SERVER Running at:3001
2020-10-24 12:31:29 info: DB Conenction Sucess
2020-10-24 12:38:08 info: API SERVER Running at:3001
2020-10-24 12:38:09 info: DB Conenction Sucess
2020-10-24 12:38:54 info: Login Param Validations
2020-10-24 12:38:54 info: POST /api/v1/user/login 200 25.780 ms - 44
2020-10-24 12:39:10 info: API SERVER Running at:3001
2020-10-24 12:39:11 info: DB Conenction Sucess
2020-10-24 12:39:19 info: API SERVER Running at:3001
2020-10-24 12:39:20 info: DB Conenction Sucess
2020-10-24 12:39:21 info: Login Param Validations
2020-10-24 12:39:21 info: Login Control Init
2020-10-24 12:39:21 info: POST /api/v1/user/login 500 310.035 ms - 61
2020-10-24 12:40:40 info: API SERVER Running at:3001
2020-10-24 12:40:42 info: DB Conenction Sucess
2020-10-24 12:41:00 info: API SERVER Running at:3001
2020-10-24 12:41:01 info: DB Conenction Sucess
2020-10-24 12:41:11 info: API SERVER Running at:3001
2020-10-24 12:41:13 info: DB Conenction Sucess
2020-10-24 12:41:17 info: API SERVER Running at:3001
2020-10-24 12:41:18 info: DB Conenction Sucess
2020-10-24 12:41:28 info: API SERVER Running at:3001
2020-10-24 12:41:29 info: DB Conenction Sucess
2020-10-24 12:41:32 info: Login Param Validations
2020-10-24 12:41:32 info: Login Control Init
2020-10-24 12:41:33 info: credMatch:true
2020-10-24 12:41:33 info: userexists:{
  _id: 5f93cb3e1d269674d14d5533,
  userId: '_ofyQhK9u',
  name: 'Saurabh Bharti',
  email: 'sb@api.com',
  username: 'sbhbp',
  password: '$2b$11$fYfdQ2/z4HL.s8ik90qXU.M1gDuzqyiZFas.Qwj6Zu1DAturj1X8W',
  __v: 0
}
2020-10-24 12:41:33 info: generate token[object Object]
2020-10-24 12:41:33 info: POST /api/v1/user/login 500 508.773 ms - 61
2020-10-24 12:43:00 info: API SERVER Running at:3001
2020-10-24 12:43:01 info: DB Conenction Sucess
2020-10-24 12:43:08 info: API SERVER Running at:3001
2020-10-24 12:43:09 info: DB Conenction Sucess
2020-10-24 12:43:14 info: Login Param Validations
2020-10-24 12:43:14 info: Login Control Init
2020-10-24 12:43:15 info: credMatch:true
2020-10-24 12:43:15 info: userexists:{
  _id: 5f93cb3e1d269674d14d5533,
  userId: '_ofyQhK9u',
  name: 'Saurabh Bharti',
  email: 'sb@api.com',
  username: 'sbhbp',
  password: '$2b$11$fYfdQ2/z4HL.s8ik90qXU.M1gDuzqyiZFas.Qwj6Zu1DAturj1X8W',
  __v: 0
}
2020-10-24 12:43:15 info: generate token[object Object]
2020-10-24 12:43:15 info: POST /api/v1/user/login 500 320.087 ms - 61
2020-10-24 12:43:33 info: API SERVER Running at:3001
2020-10-24 12:43:34 info: API SERVER Running at:3001
2020-10-24 12:43:35 info: DB Conenction Sucess
2020-10-24 12:43:44 info: API SERVER Running at:3001
2020-10-24 12:43:45 info: DB Conenction Sucess
2020-10-24 12:43:47 info: API SERVER Running at:3001
2020-10-24 12:43:48 info: DB Conenction Sucess
2020-10-24 12:43:50 info: Login Param Validations
2020-10-24 12:43:50 info: Login Control Init
2020-10-24 12:43:50 info: credMatch:true
2020-10-24 12:43:50 info: userexists:{
  _id: 5f93cb3e1d269674d14d5533,
  userId: '_ofyQhK9u',
  name: 'Saurabh Bharti',
  email: 'sb@api.com',
  username: 'sbhbp',
  password: '$2b$11$fYfdQ2/z4HL.s8ik90qXU.M1gDuzqyiZFas.Qwj6Zu1DAturj1X8W',
  __v: 0
}
2020-10-24 12:43:50 info: generate tokennull
2020-10-24 12:43:50 info: POST /api/v1/user/login 200 331.743 ms - 498
2020-10-24 12:47:46 info: API SERVER Running at:3001
2020-10-24 12:47:48 info: DB Conenction Sucess
2020-10-24 12:47:49 info: Login Param Validations
2020-10-24 12:47:49 info: Login Control Init
2020-10-24 12:47:49 info: credMatch:true
2020-10-24 12:47:49 info: userexists:{
  _id: 5f93cb3e1d269674d14d5533,
  userId: '_ofyQhK9u',
  name: 'Saurabh Bharti',
  email: 'sb@api.com',
  username: 'sbhbp',
  password: '$2b$11$fYfdQ2/z4HL.s8ik90qXU.M1gDuzqyiZFas.Qwj6Zu1DAturj1X8W',
  __v: 0
}
2020-10-24 12:47:49 info: generate tokennull
2020-10-24 12:47:49 info: generate tokennull
2020-10-24 12:48:09 info: API SERVER Running at:3001
2020-10-24 12:48:10 info: DB Conenction Sucess
2020-10-24 12:48:10 info: Login Param Validations
2020-10-24 12:48:10 info: Login Control Init
2020-10-24 12:48:11 info: credMatch:true
2020-10-24 12:48:11 info: userexists:{
  _id: 5f93cb3e1d269674d14d5533,
  userId: '_ofyQhK9u',
  name: 'Saurabh Bharti',
  email: 'sb@api.com',
  username: 'sbhbp',
  password: '$2b$11$fYfdQ2/z4HL.s8ik90qXU.M1gDuzqyiZFas.Qwj6Zu1DAturj1X8W',
  __v: 0
}
2020-10-24 12:48:11 info: generate tokennull
2020-10-24 12:48:11 info: POST /api/v1/user/login 200 460.909 ms - 498
2020-10-24 12:48:35 info: API SERVER Running at:3001
2020-10-24 12:48:36 info: DB Conenction Sucess
2020-10-24 12:48:42 info: API SERVER Running at:3001
2020-10-24 12:48:43 info: DB Conenction Sucess
2020-10-24 12:48:46 info: Login Param Validations
2020-10-24 12:48:46 info: Login Control Init
2020-10-24 12:48:46 info: credMatch:true
2020-10-24 12:48:46 info: userexists:{
  _id: 5f93cb3e1d269674d14d5533,
  userId: '_ofyQhK9u',
  name: 'Saurabh Bharti',
  email: 'sb@api.com',
  username: 'sbhbp',
  password: '$2b$11$fYfdQ2/z4HL.s8ik90qXU.M1gDuzqyiZFas.Qwj6Zu1DAturj1X8W',
  __v: 0
}
2020-10-24 12:48:46 info: generate tokennull
2020-10-24 12:48:46 info: POST /api/v1/user/login 200 378.121 ms - 498
2020-10-24 12:52:36 info: API SERVER Running at:3001
2020-10-24 12:52:38 info: DB Conenction Sucess
2020-10-24 12:52:43 info: API SERVER Running at:3001
2020-10-24 12:52:44 info: DB Conenction Sucess
2020-10-24 12:55:50 info: API SERVER Running at:3001
2020-10-24 12:55:51 info: DB Conenction Sucess
2020-10-24 13:02:43 info: API SERVER Running at:3001
2020-10-24 13:02:45 info: DB Conenction Sucess
2020-10-24 13:02:51 info: API SERVER Running at:3001
2020-10-24 13:02:52 info: DB Conenction Sucess
2020-10-24 13:03:01 info: API SERVER Running at:3001
2020-10-24 13:03:02 info: DB Conenction Sucess
2020-10-24 13:03:16 info: API SERVER Running at:3001
2020-10-24 13:03:17 info: DB Conenction Sucess
2020-10-24 13:03:31 info: API SERVER Running at:3001
2020-10-24 13:03:32 info: DB Conenction Sucess
2020-10-24 13:04:00 info: API SERVER Running at:3001
2020-10-24 13:04:01 info: DB Conenction Sucess
2020-10-24 13:04:16 info: API SERVER Running at:3001
2020-10-24 13:04:17 info: DB Conenction Sucess
2020-10-24 13:04:22 info: API SERVER Running at:3001
2020-10-24 13:04:23 info: DB Conenction Sucess
2020-10-24 13:04:35 info: API SERVER Running at:3001
2020-10-24 13:04:36 info: DB Conenction Sucess
2020-10-24 13:04:40 info: API SERVER Running at:3001
2020-10-24 13:04:41 info: DB Conenction Sucess
2020-10-24 13:04:45 info: API SERVER Running at:3001
2020-10-24 13:04:46 info: DB Conenction Sucess
2020-10-24 13:05:19 info: API SERVER Running at:3001
2020-10-24 13:05:20 info: DB Conenction Sucess
2020-10-24 13:05:39 info: API SERVER Running at:3001
2020-10-24 13:05:40 info: DB Conenction Sucess
2020-10-24 13:06:32 info: API SERVER Running at:3001
2020-10-24 13:06:33 info: DB Conenction Sucess
2020-10-24 13:06:59 info: API SERVER Running at:3001
2020-10-24 13:07:00 info: DB Conenction Sucess
2020-10-24 13:07:08 info: API SERVER Running at:3001
2020-10-24 13:07:09 info: DB Conenction Sucess
2020-10-24 13:07:18 info: API SERVER Running at:3001
2020-10-24 13:07:19 info: DB Conenction Sucess
2020-10-24 13:07:28 info: API SERVER Running at:3001
2020-10-24 13:07:29 info: DB Conenction Sucess
2020-10-24 13:07:36 info: API SERVER Running at:3001
2020-10-24 13:07:37 info: DB Conenction Sucess
2020-10-24 13:07:44 info: API SERVER Running at:3001
2020-10-24 13:07:45 info: API SERVER Running at:3001
2020-10-24 13:07:46 info: DB Conenction Sucess
2020-10-24 13:08:09 info: API SERVER Running at:3001
2020-10-24 13:08:10 info: DB Conenction Sucess
2020-10-24 13:08:14 info: API SERVER Running at:3001
2020-10-24 13:08:15 info: DB Conenction Sucess
2020-10-24 13:08:27 info: API SERVER Running at:3001
2020-10-24 13:08:28 info: DB Conenction Sucess
2020-10-24 13:08:35 info: API SERVER Running at:3001
2020-10-24 13:08:36 info: DB Conenction Sucess
2020-10-24 13:08:50 info: API SERVER Running at:3001
2020-10-24 13:08:51 info: DB Conenction Sucess
2020-10-24 13:09:01 info: API SERVER Running at:3001
2020-10-24 13:09:02 info: DB Conenction Sucess
2020-10-24 13:09:13 info: API SERVER Running at:3001
2020-10-24 13:09:14 info: DB Conenction Sucess
2020-10-24 13:09:42 info: API SERVER Running at:3001
2020-10-24 13:09:43 info: DB Conenction Sucess
2020-10-24 13:09:49 info: API SERVER Running at:3001
2020-10-24 13:09:49 info: API SERVER Running at:3001
2020-10-24 13:09:50 info: DB Conenction Sucess
2020-10-24 13:10:06 info: API SERVER Running at:3001
2020-10-24 13:10:07 info: DB Conenction Sucess
2020-10-24 13:10:42 info: API SERVER Running at:3001
2020-10-24 13:10:43 info: DB Conenction Sucess
2020-10-24 13:10:52 info: API SERVER Running at:3001
2020-10-24 13:10:53 info: DB Conenction Sucess
2020-10-24 13:10:58 info: API SERVER Running at:3001
2020-10-24 13:10:59 info: DB Conenction Sucess
2020-10-24 13:11:02 info: API SERVER Running at:3001
2020-10-24 13:11:04 info: DB Conenction Sucess
2020-10-24 13:11:19 info: API SERVER Running at:3001
2020-10-24 13:11:20 info: DB Conenction Sucess
2020-10-24 13:11:30 info: API SERVER Running at:3001
2020-10-24 13:11:31 info: DB Conenction Sucess
2020-10-24 13:12:17 info: API SERVER Running at:3001
2020-10-24 13:12:18 info: DB Conenction Sucess
2020-10-24 13:12:21 info: API SERVER Running at:3001
2020-10-24 13:12:22 info: DB Conenction Sucess
2020-10-24 13:12:25 info: API SERVER Running at:3001
2020-10-24 13:12:26 info: API SERVER Running at:3001
2020-10-24 13:12:27 info: DB Conenction Sucess
2020-10-24 13:12:29 info: API SERVER Running at:3001
2020-10-24 13:12:30 info: DB Conenction Sucess
2020-10-24 13:12:36 info: API SERVER Running at:3001
2020-10-24 13:12:38 info: DB Conenction Sucess
2020-10-24 13:12:43 info: API SERVER Running at:3001
2020-10-24 13:12:44 info: DB Conenction Sucess
2020-10-24 13:12:48 info: API SERVER Running at:3001
2020-10-24 13:12:49 info: DB Conenction Sucess
2020-10-24 13:12:52 info: API SERVER Running at:3001
2020-10-24 13:12:54 info: DB Conenction Sucess
2020-10-24 13:13:23 info: API SERVER Running at:3001
2020-10-24 13:13:25 info: DB Conenction Sucess
2020-10-24 13:13:35 info: API SERVER Running at:3001
2020-10-24 13:13:36 info: DB Conenction Sucess
2020-10-24 13:13:42 info: API SERVER Running at:3001
2020-10-24 13:13:43 info: DB Conenction Sucess
2020-10-24 13:13:57 info: API SERVER Running at:3001
2020-10-24 13:13:58 info: DB Conenction Sucess
2020-10-24 13:14:31 info: API SERVER Running at:3001
2020-10-24 13:14:33 info: API SERVER Running at:3001
2020-10-24 13:14:34 info: DB Conenction Sucess
2020-10-24 13:14:46 info: API SERVER Running at:3001
2020-10-24 13:14:47 info: DB Conenction Sucess
2020-10-24 13:14:53 info: API SERVER Running at:3001
2020-10-24 13:14:54 info: DB Conenction Sucess
2020-10-24 13:14:55 info: API SERVER Running at:3001
2020-10-24 13:14:56 info: DB Conenction Sucess
2020-10-24 13:15:02 info: API SERVER Running at:3001
2020-10-24 13:15:03 info: DB Conenction Sucess
2020-10-24 13:15:46 info: API SERVER Running at:3001
2020-10-24 13:15:47 info: DB Conenction Sucess
2020-10-24 13:16:15 info: API SERVER Running at:3001
2020-10-24 13:16:16 info: DB Conenction Sucess
2020-10-24 13:16:20 info: API SERVER Running at:3001
2020-10-24 13:16:21 info: DB Conenction Sucess
2020-10-24 13:19:59 info: API SERVER Running at:3001
2020-10-24 13:20:01 info: DB Conenction Sucess
2020-10-24 13:20:08 info: API SERVER Running at:3001
2020-10-24 13:20:09 info: DB Conenction Sucess
2020-10-24 13:20:27 info: API SERVER Running at:3001
2020-10-24 13:20:28 info: DB Conenction Sucess
2020-10-24 13:20:44 info: API SERVER Running at:3001
2020-10-24 13:20:45 info: DB Conenction Sucess
2020-10-24 13:21:19 info: API SERVER Running at:3001
2020-10-24 13:21:20 info: DB Conenction Sucess
2020-10-24 13:21:22 info: API SERVER Running at:3001
2020-10-24 13:21:23 info: DB Conenction Sucess
2020-10-24 13:21:36 info: API SERVER Running at:3001
2020-10-24 13:21:37 info: DB Conenction Sucess
2020-10-24 13:21:39 info: API SERVER Running at:3001
2020-10-24 13:21:40 info: DB Conenction Sucess
2020-10-24 13:21:41 info: API SERVER Running at:3001
2020-10-24 13:21:42 info: DB Conenction Sucess
2020-10-24 13:22:45 info: API SERVER Running at:3001
2020-10-24 13:22:46 info: DB Conenction Sucess
2020-10-24 13:22:52 info: API SERVER Running at:3001
2020-10-24 13:22:53 info: DB Conenction Sucess
2020-10-24 13:23:02 info: API SERVER Running at:3001
2020-10-24 13:23:03 info: DB Conenction Sucess
2020-10-24 13:23:15 info: API SERVER Running at:3001
2020-10-24 13:23:16 info: DB Conenction Sucess
2020-10-24 13:24:06 info: API SERVER Running at:3001
2020-10-24 13:24:07 info: DB Conenction Sucess
2020-10-24 13:24:20 info: API SERVER Running at:3001
2020-10-24 13:24:21 info: DB Conenction Sucess
2020-10-24 13:24:25 info: API SERVER Running at:3001
2020-10-24 13:24:26 info: DB Conenction Sucess
2020-10-24 13:26:01 info: API SERVER Running at:3001
2020-10-24 13:26:03 info: DB Conenction Sucess
2020-10-24 13:26:20 info: API SERVER Running at:3001
2020-10-24 13:26:21 info: DB Conenction Sucess
2020-10-24 13:27:09 info: API SERVER Running at:3001
2020-10-24 13:27:11 info: DB Conenction Sucess
2020-10-24 13:27:32 info: API SERVER Running at:3001
2020-10-24 13:27:33 info: DB Conenction Sucess
2020-10-24 13:27:44 info: API SERVER Running at:3001
2020-10-24 13:27:45 info: DB Conenction Sucess
2020-10-24 13:27:50 info: API SERVER Running at:3001
2020-10-24 13:27:51 info: DB Conenction Sucess
2020-10-24 13:28:57 info: API SERVER Running at:3001
2020-10-24 13:28:58 info: DB Conenction Sucess
2020-10-24 13:29:05 info: API SERVER Running at:3001
2020-10-24 13:29:06 info: DB Conenction Sucess
2020-10-24 13:30:00 info: API SERVER Running at:3001
2020-10-24 13:30:01 info: DB Conenction Sucess
2020-10-24 13:30:13 info: API SERVER Running at:3001
2020-10-24 13:30:13 info: DB Conenction Sucess
2020-10-24 13:31:04 info: API SERVER Running at:3001
2020-10-24 13:31:05 info: DB Conenction Sucess
2020-10-24 13:31:27 info: API SERVER Running at:3001
2020-10-24 13:31:28 info: DB Conenction Sucess
2020-10-24 13:32:01 info: API SERVER Running at:3001
2020-10-24 13:32:02 info: DB Conenction Sucess
2020-10-24 13:32:12 info: API SERVER Running at:3001
2020-10-24 13:32:14 info: DB Conenction Sucess
2020-10-24 13:32:24 info: API SERVER Running at:3001
2020-10-24 13:32:26 info: DB Conenction Sucess
2020-10-24 13:32:48 info: API SERVER Running at:3001
2020-10-24 13:32:49 info: DB Conenction Sucess
2020-10-24 13:33:30 info: API SERVER Running at:3001
2020-10-24 13:33:32 info: DB Conenction Sucess
2020-10-24 13:34:13 info: API SERVER Running at:3001
2020-10-24 13:34:14 info: DB Conenction Sucess
2020-10-24 13:34:23 info: API SERVER Running at:3001
2020-10-24 13:34:24 info: DB Conenction Sucess
2020-10-24 13:35:31 info: API SERVER Running at:3001
2020-10-24 13:35:32 info: DB Conenction Sucess
2020-10-24 13:35:37 info: API SERVER Running at:3001
2020-10-24 13:35:38 info: DB Conenction Sucess
2020-10-24 13:35:49 info: API SERVER Running at:3001
2020-10-24 13:35:50 info: DB Conenction Sucess
2020-10-24 13:35:58 info: API SERVER Running at:3001
2020-10-24 13:35:59 info: DB Conenction Sucess
2020-10-24 13:36:09 info: API SERVER Running at:3001
2020-10-24 13:36:09 info: DB Conenction Sucess
2020-10-24 13:36:30 info: API SERVER Running at:3001
2020-10-24 13:36:31 info: DB Conenction Sucess
2020-10-24 13:36:46 info: API SERVER Running at:3001
2020-10-24 13:36:47 info: DB Conenction Sucess
2020-10-24 13:36:59 info: API SERVER Running at:3001
2020-10-24 13:37:00 info: DB Conenction Sucess
2020-10-24 13:37:17 info: API SERVER Running at:3001
2020-10-24 13:37:19 info: DB Conenction Sucess
2020-10-24 13:37:42 info: API SERVER Running at:3001
2020-10-24 13:37:43 info: DB Conenction Sucess
2020-10-24 13:38:10 info: API SERVER Running at:3001
2020-10-24 13:38:11 info: DB Conenction Sucess
2020-10-24 13:38:22 info: API SERVER Running at:3001
2020-10-24 13:38:23 info: DB Conenction Sucess
2020-10-24 13:38:50 info: API SERVER Running at:3001
2020-10-24 13:38:51 info: DB Conenction Sucess
2020-10-24 13:39:23 info: API SERVER Running at:3001
2020-10-24 13:39:25 info: DB Conenction Sucess
2020-10-24 13:39:58 info: API SERVER Running at:3001
2020-10-24 13:39:59 info: API SERVER Running at:3001
2020-10-24 13:40:00 info: DB Conenction Sucess
2020-10-24 13:40:15 info: API SERVER Running at:3001
2020-10-24 13:40:16 info: DB Conenction Sucess
2020-10-24 13:43:03 info: API SERVER Running at:3001
2020-10-24 13:43:04 info: DB Conenction Sucess
2020-10-24 13:43:29 info: API SERVER Running at:3001
2020-10-24 13:43:30 info: DB Conenction Sucess
2020-10-24 13:43:43 info: API SERVER Running at:3001
2020-10-24 13:43:44 info: DB Conenction Sucess
2020-10-24 13:44:16 info: API SERVER Running at:3001
2020-10-24 13:44:18 info: API SERVER Running at:3001
2020-10-24 13:44:19 info: DB Conenction Sucess
2020-10-24 13:44:20 info: API SERVER Running at:3001
2020-10-24 13:44:21 info: DB Conenction Sucess
2020-10-24 13:44:44 info: API SERVER Running at:3001
2020-10-24 13:44:46 info: API SERVER Running at:3001
2020-10-24 13:44:47 info: DB Conenction Sucess
2020-10-24 13:45:07 info: API SERVER Running at:3001
2020-10-24 13:45:08 info: DB Conenction Sucess
2020-10-24 13:45:14 info: API SERVER Running at:3001
2020-10-24 13:45:15 info: DB Conenction Sucess
2020-10-24 13:45:23 info: API SERVER Running at:3001
2020-10-24 13:45:25 info: DB Conenction Sucess
2020-10-24 13:45:50 info: API SERVER Running at:3001
2020-10-24 13:45:51 info: DB Conenction Sucess
2020-10-24 13:45:58 info: API SERVER Running at:3001
2020-10-24 13:45:59 info: DB Conenction Sucess
2020-10-24 13:46:01 info: API SERVER Running at:3001
2020-10-24 13:46:02 info: DB Conenction Sucess
2020-10-24 13:46:34 info: API SERVER Running at:3001
2020-10-24 13:46:36 info: DB Conenction Sucess
2020-10-24 13:47:30 info: API SERVER Running at:3001
2020-10-24 13:47:31 info: DB Conenction Sucess
2020-10-24 13:47:49 info: API SERVER Running at:3001
2020-10-24 13:47:50 info: DB Conenction Sucess
2020-10-24 13:47:56 info: API SERVER Running at:3001
2020-10-24 13:47:57 info: DB Conenction Sucess
2020-10-24 13:48:02 info: API SERVER Running at:3001
2020-10-24 13:48:03 info: DB Conenction Sucess
2020-10-24 13:48:07 info: API SERVER Running at:3001
2020-10-24 13:48:08 info: DB Conenction Sucess
2020-10-24 13:48:23 info: API SERVER Running at:3001
2020-10-24 13:48:24 info: DB Conenction Sucess
2020-10-24 13:48:31 info: API SERVER Running at:3001
2020-10-24 13:48:32 info: DB Conenction Sucess
2020-10-24 13:48:39 info: API SERVER Running at:3001
2020-10-24 13:48:40 info: DB Conenction Sucess
2020-10-24 13:50:34 info: API SERVER Running at:3001
2020-10-24 13:50:36 info: DB Conenction Sucess
2020-10-24 13:50:40 info: API SERVER Running at:3001
2020-10-24 13:50:41 info: DB Conenction Sucess
2020-10-24 13:54:01 info: DB Conenction Sucess
2020-10-24 14:00:22 info: API SERVER Running at:3001
2020-10-24 14:00:23 info: DB Conenction Sucess
2020-10-24 14:01:10 info: API SERVER Running at:3001
2020-10-24 14:01:11 info: DB Conenction Sucess
2020-10-24 14:01:23 info: API SERVER Running at:3001
2020-10-24 14:01:24 info: DB Conenction Sucess
2020-10-24 14:53:06 info: API SERVER Running at:3001
2020-10-24 14:53:08 info: DB Conenction Sucess
2020-10-24 14:53:27 info: API SERVER Running at:3001
2020-10-24 14:53:28 info: DB Conenction Sucess
2020-10-24 14:54:15 info: API SERVER Running at:3001
2020-10-24 14:54:16 info: DB Conenction Sucess
2020-10-24 14:54:35 info: API SERVER Running at:3001
2020-10-24 14:54:35 info: DB Conenction Sucess
2020-10-24 14:54:41 info: API SERVER Running at:3001
2020-10-24 14:54:42 info: DB Conenction Sucess
2020-10-24 14:55:10 info: API SERVER Running at:3001
2020-10-24 14:55:11 info: DB Conenction Sucess
2020-10-24 14:55:38 info: API SERVER Running at:3001
2020-10-24 14:55:39 info: DB Conenction Sucess
2020-10-24 14:55:52 info: API SERVER Running at:3001
2020-10-24 14:55:53 info: DB Conenction Sucess
2020-10-24 14:55:57 info: API SERVER Running at:3001
2020-10-24 14:55:58 info: DB Conenction Sucess
2020-10-24 14:57:48 info: API SERVER Running at:3001
2020-10-24 14:57:49 info: DB Conenction Sucess
2020-10-24 14:58:26 info: API SERVER Running at:3001
2020-10-24 14:58:27 info: DB Conenction Sucess
2020-10-24 14:58:58 info: API SERVER Running at:3001
2020-10-24 14:59:00 info: DB Conenction Sucess
2020-10-24 14:59:03 info: API SERVER Running at:3001
2020-10-24 14:59:04 info: DB Conenction Sucess
2020-10-24 14:59:13 info: API SERVER Running at:3001
2020-10-24 14:59:14 info: DB Conenction Sucess
2020-10-24 14:59:19 info: API SERVER Running at:3001
2020-10-24 14:59:20 info: DB Conenction Sucess
2020-10-24 14:59:54 info: API SERVER Running at:3001
2020-10-24 14:59:56 info: DB Conenction Sucess
2020-10-24 15:00:08 info: API SERVER Running at:3001
2020-10-24 15:00:09 info: DB Conenction Sucess
2020-10-24 15:00:18 info: API SERVER Running at:3001
2020-10-24 15:00:19 info: DB Conenction Sucess
2020-10-24 15:00:24 info: API SERVER Running at:3001
2020-10-24 15:00:25 info: DB Conenction Sucess
2020-10-24 15:02:18 info: API SERVER Running at:3001
2020-10-24 15:02:19 info: DB Conenction Sucess
2020-10-24 15:03:06 info: API SERVER Running at:3001
2020-10-24 15:03:07 info: DB Conenction Sucess
2020-10-24 15:03:24 info: API SERVER Running at:3001
2020-10-24 15:03:25 info: API SERVER Running at:3001
2020-10-24 15:03:26 info: API SERVER Running at:3001
2020-10-24 15:03:27 info: DB Conenction Sucess
2020-10-24 15:03:35 info: API SERVER Running at:3001
2020-10-24 15:03:36 info: API SERVER Running at:3001
2020-10-24 15:03:37 info: DB Conenction Sucess
2020-10-24 15:04:04 info: API SERVER Running at:3001
2020-10-24 15:04:05 info: DB Conenction Sucess
2020-10-24 15:04:07 info: API SERVER Running at:3001
2020-10-24 15:04:09 info: API SERVER Running at:3001
2020-10-24 15:04:10 info: DB Conenction Sucess
2020-10-24 15:04:16 info: API SERVER Running at:3001
2020-10-24 15:04:17 info: DB Conenction Sucess
2020-10-24 15:04:20 info: API SERVER Running at:3001
2020-10-24 15:04:21 info: DB Conenction Sucess
2020-10-24 15:08:05 info: Regestration Parameter validation
2020-10-24 15:08:05 info: POST /api/v1/user/register?userId&title=First%20Issue&description=this%20is%20a%20test%20issue&status=backlog&reporter=saurabh&priority=high&estimates=1%20w&watchlist=saurabh 400 19.800 ms - 167
2020-10-24 15:08:36 info: Authorizing...
2020-10-24 15:08:36 info: Create Issue Validation
2020-10-24 15:08:36 info: POST /api/v1/issue/create?userId&title=First%20Issue&description=this%20is%20a%20test%20issue&status=backlog&reporter=saurabh&priority=high&estimates=1%20w&watchlist=saurabh 400 1.865 ms - 69
2020-10-24 15:08:48 info: Authorizing...
2020-10-24 15:08:48 info: Create Issue Validation
2020-10-24 15:08:48 info: POST /api/v1/issue/create?userId&title=First%20Issue&description=this%20is%20a%20test%20issue&status=backlog&reporter=saurabh&priority=high&estimates=1%20w&watchlist=saurabh 400 1.330 ms - 69
2020-10-24 15:08:57 info: Authorizing...
2020-10-24 15:08:57 info: Create Issue Validation
2020-10-24 15:08:57 info: POST /api/v1/issue/create?userId&title=First%20Issue&description=this%20is%20a%20test%20issue&status=backlog&reporter=saurabh&priority=high&estimates=1%20w&watchlist=saurabh 400 1.235 ms - 69
2020-10-24 15:10:22 info: API SERVER Running at:3001
2020-10-24 15:10:23 info: DB Conenction Sucess
2020-10-24 15:10:25 info: Authorizing...
2020-10-24 15:10:25 info: Create Issue Validation
2020-10-24 15:10:25 info: POST /api/v1/issue/create?userId&title=First%20Issue&description=this%20is%20a%20test%20issue&status=backlog&reporter=saurabh&priority=high&estimates=1%20w&watchlist=saurabh 400 10.119 ms - 69
2020-10-24 15:11:21 info: API SERVER Running at:3001
2020-10-24 15:11:22 info: DB Conenction Sucess
2020-10-24 15:11:26 info: Authorizing...
2020-10-24 15:11:26 info: Decoded Info:[object Object]
2020-10-24 15:12:04 info: API SERVER Running at:3001
2020-10-24 15:12:05 info: DB Conenction Sucess
2020-10-24 15:12:06 info: Authorizing...
2020-10-24 15:12:06 info: Decoded Info:[object Object]
2020-10-24 15:12:57 info: API SERVER Running at:3001
2020-10-24 15:12:58 info: DB Conenction Sucess
2020-10-24 15:13:11 info: API SERVER Running at:3001
2020-10-24 15:13:12 info: DB Conenction Sucess
2020-10-24 15:14:19 info: API SERVER Running at:3001
2020-10-24 15:14:20 info: DB Conenction Sucess
2020-10-24 15:14:23 info: API SERVER Running at:3001
2020-10-24 15:14:24 info: DB Conenction Sucess
2020-10-24 15:15:04 info: API SERVER Running at:3001
2020-10-24 15:15:05 info: DB Conenction Sucess
2020-10-24 15:15:10 info: Authorizing...
2020-10-24 15:15:10 info: Decoded Info:[object Object]
2020-10-24 15:15:10 info: userId,
2020-10-24 15:15:10 info: POST /api/v1/issue/create?userId&title=First%20Issue&description=this%20is%20a%20test%20issue&status=backlog&reporter=saurabh&priority=high&estimates=1%20w&watchlist=saurabh 400 15.981 ms - 69
2020-10-24 15:15:52 info: API SERVER Running at:3001
2020-10-24 15:15:53 info: DB Conenction Sucess
2020-10-24 15:15:57 info: API SERVER Running at:3001
2020-10-24 15:15:58 info: DB Conenction Sucess
2020-10-24 15:16:07 info: API SERVER Running at:3001
2020-10-24 15:16:08 info: DB Conenction Sucess
2020-10-24 15:16:11 info: Authorizing...
2020-10-24 15:16:11 info: Decoded Info:[object Object]
2020-10-24 15:16:11 info: userId,
2020-10-24 15:16:11 info: POST /api/v1/issue/create?userId&title=First%20Issue&description=this%20is%20a%20test%20issue&status=backlog&reporter=saurabh&priority=high&estimates=1%20w&watchlist=saurabh 400 13.599 ms - 65
2020-10-24 15:16:24 info: Authorizing...
2020-10-24 15:16:24 info: Decoded Info:[object Object]
2020-10-24 15:16:24 info: userId,_ofyQhK9u
2020-10-24 15:16:24 info: Create Issue Validation
2020-10-24 15:16:24 info: POST /api/v1/issue/create?userId=_ofyQhK9u&title=First%20Issue&description=this%20is%20a%20test%20issue&status=backlog&reporter=saurabh&priority=high&estimates=1%20w&watchlist=saurabh 400 15.820 ms - 107
2020-10-24 15:16:36 info: Authorizing...
2020-10-24 15:16:36 info: Decoded Info:[object Object]
2020-10-24 15:16:36 info: userId,_ofyQhK9u
2020-10-24 15:16:36 info: Create Issue Validation
2020-10-24 15:16:36 info: POST /api/v1/issue/create?userId=_ofyQhK9u&title=First%20Issue&description=this%20is%20a%20test%20issue&status=backlog&reporter=saurabh&priority=high&estimates=1%20w&watchList=saurabh 400 4.621 ms - 86
2020-10-24 15:16:44 info: Authorizing...
2020-10-24 15:16:44 info: Decoded Info:[object Object]
2020-10-24 15:16:44 info: userId,_ofyQhK9u
2020-10-24 15:16:44 info: Create Issue Validation
2020-10-24 15:16:44 info: POST /api/v1/issue/create?userId=_ofyQhK9u&title=First%20Issue&description=this%20is%20a%20test%20issue&status=backlog&reporter=saurabh&priority=high&estimates=1%20w&watchList=saurabh 400 3.531 ms - 86
2020-10-24 15:17:11 info: API SERVER Running at:3001
2020-10-24 15:17:12 info: DB Conenction Sucess
2020-10-24 15:17:14 info: Authorizing...
2020-10-24 15:17:14 info: Decoded Info:[object Object]
2020-10-24 15:17:14 info: userId,_ofyQhK9u
2020-10-24 15:17:14 info: Create Issue Validation
2020-10-24 15:17:14 info: Create Issue Control
2020-10-24 15:17:14 info: Validate user stub
2020-10-24 15:18:02 info: API SERVER Running at:3001
2020-10-24 15:18:03 info: API SERVER Running at:3001
2020-10-24 15:18:04 info: DB Conenction Sucess
2020-10-24 15:18:09 info: Authorizing...
2020-10-24 15:18:09 info: Decoded Info:[object Object]
2020-10-24 15:18:09 info: userId,_ofyQhK9u
2020-10-24 15:18:09 info: Create Issue Validation
2020-10-24 15:18:09 info: Create Issue Control
2020-10-24 15:18:09 info: Validate user stub
2020-10-24 15:18:23 info: API SERVER Running at:3001
2020-10-24 15:18:25 info: DB Conenction Sucess
2020-10-24 15:19:29 info: API SERVER Running at:3001
2020-10-24 15:19:30 info: DB Conenction Sucess
2020-10-24 15:19:36 info: Authorizing...
2020-10-24 15:19:36 info: Decoded Info:[object Object]
2020-10-24 15:19:36 info: userId,_ofyQhK9u
2020-10-24 15:19:36 info: Create Issue Validation
2020-10-24 15:19:36 info: Create Issue Control
2020-10-24 15:19:36 info: Validate user stub
2020-10-24 15:19:36 info: isscue schema:[object Object]
2020-10-24 15:19:36 info: ValidationError: estimates: Path `estimates` is required., priority: Path `priority` is required., reporter: Path `reporter` is required., status: Path `status` is required., title: Path `title` is required., userId: Path `userId` is required., issueId: Path `issueId` is required.
2020-10-24 15:19:36 info: POST /api/v1/issue/create?userId=_ofyQhK9u&title=First%20Issue&description=this%20is%20a%20test%20issue&status=backlog&reporter=saurabh&priority=high&estimates=1%20w&watchList=saurabh 500 183.052 ms - 1827
2020-10-24 15:19:54 info: Authorizing...
2020-10-24 15:19:54 info: Decoded Info:[object Object]
2020-10-24 15:19:54 info: userId,_ofyQhK9u
2020-10-24 15:19:54 info: Create Issue Validation
2020-10-24 15:19:54 info: Create Issue Control
2020-10-24 15:19:54 info: Validate user stub
2020-10-24 15:19:55 info: isscue schema:[object Object]
2020-10-24 15:19:55 info: ValidationError: estimates: Path `estimates` is required., priority: Path `priority` is required., reporter: Path `reporter` is required., status: Path `status` is required., title: Path `title` is required., userId: Path `userId` is required., issueId: Path `issueId` is required.
2020-10-24 15:19:55 info: POST /api/v1/issue/create?userId=_ofyQhK9u&title=First%20Issue&description=this%20is%20a%20test%20issue&status=backlog&reporter=saurabh&priority=high&estimates=1%20w&watchList=saurabh 500 111.047 ms - 1827
2020-10-24 15:20:27 info: API SERVER Running at:3001
2020-10-24 15:20:28 info: DB Conenction Sucess
2020-10-24 15:20:29 info: Authorizing...
2020-10-24 15:20:29 info: Decoded Info:[object Object]
2020-10-24 15:20:29 info: userId,_ofyQhK9u
2020-10-24 15:20:29 info: Create Issue Validation
2020-10-24 15:20:29 info: Create Issue Control
2020-10-24 15:20:29 info: Validate user stub
2020-10-24 15:20:29 info: isscue schema:[object Object]
2020-10-24 15:20:29 info: ValidationError: estimates: Path `estimates` is required., priority: Path `priority` is required., reporter: Path `reporter` is required., status: Path `status` is required., title: Path `title` is required., userId: Path `userId` is required., issueId: Path `issueId` is required.
2020-10-24 15:20:29 info: POST /api/v1/issue/create?userId=_ofyQhK9u&title=First%20Issue&description=this%20is%20a%20test%20issue&status=backlog&reporter=saurabh&priority=high&estimates=1%20w&watchList=saurabh 500 159.149 ms - 1827
2020-10-24 15:21:00 info: API SERVER Running at:3001
2020-10-24 15:21:01 info: DB Conenction Sucess
2020-10-24 15:21:02 info: Authorizing...
2020-10-24 15:21:02 info: Decoded Info:[object Object]
2020-10-24 15:21:02 info: userId,_ofyQhK9u
2020-10-24 15:21:02 info: Create Issue Validation
2020-10-24 15:21:02 info: Create Issue Control
2020-10-24 15:21:02 info: Validate user stub
2020-10-24 15:21:02 info: ValidationError: estimates: Path `estimates` is required., priority: Path `priority` is required., reporter: Path `reporter` is required., status: Path `status` is required., title: Path `title` is required., userId: Path `userId` is required., issueId: Path `issueId` is required.
2020-10-24 15:21:02 info: POST /api/v1/issue/create?userId=_ofyQhK9u&title=First%20Issue&description=this%20is%20a%20test%20issue&status=backlog&reporter=saurabh&priority=high&estimates=1%20w&watchList=saurabh 500 159.417 ms - 1827
2020-10-24 15:21:53 info: API SERVER Running at:3001
2020-10-24 15:21:53 info: DB Conenction Sucess
2020-10-24 15:22:02 info: Authorizing...
2020-10-24 15:22:02 info: Decoded Info:[object Object]
2020-10-24 15:22:02 info: userId,_ofyQhK9u
2020-10-24 15:22:02 info: Create Issue Validation
2020-10-24 15:22:02 info: Create Issue Control
2020-10-24 15:22:02 info: Validate user stub
2020-10-24 15:22:02 info: null
2020-10-24 15:22:02 info: POST /api/v1/issue/create?userId=_ofyQhK9u&title=First%20Issue&description=this%20is%20a%20test%20issue&status=backlog&reporter=saurabh&priority=high&estimates=1%20w&watchList=saurabh 200 341.522 ms - 379
2020-10-24 15:22:45 info: API SERVER Running at:3001
2020-10-24 15:22:47 info: API SERVER Running at:3001
2020-10-24 15:22:48 info: DB Conenction Sucess
2020-10-24 15:22:52 info: Authorizing...
2020-10-24 15:22:52 info: Decoded Info:[object Object]
2020-10-24 15:22:52 info: userId,_ofyQhK9u
2020-10-24 15:22:52 info: Create Issue Validation
2020-10-24 15:22:52 info: Create Issue Control
2020-10-24 15:22:52 info: Validate user stub
2020-10-24 15:22:52 info: Error: key $push must not start with '$'
2020-10-24 15:22:52 info: POST /api/v1/issue/create?userId=_ofyQhK9u&title=First%20Issue&description=this%20is%20a%20test%20issue&status=backlog&reporter=saurabh&priority=high&estimates=1%20w&watchList=saurabh 500 172.372 ms - 71
2020-10-24 15:23:06 info: API SERVER Running at:3001
2020-10-24 15:23:07 info: DB Conenction Sucess
2020-10-24 15:23:09 info: Authorizing...
2020-10-24 15:23:09 info: Decoded Info:[object Object]
2020-10-24 15:23:09 info: userId,_ofyQhK9u
2020-10-24 15:23:09 info: Create Issue Validation
2020-10-24 15:23:09 info: Create Issue Control
2020-10-24 15:23:09 info: Validate user stub
2020-10-24 15:23:09 info: null
2020-10-24 15:23:09 info: POST /api/v1/issue/create?userId=_ofyQhK9u&title=First%20Issue&description=this%20is%20a%20test%20issue&status=backlog&reporter=saurabh&priority=high&estimates=1%20w&watchList=saurabh 200 324.248 ms - 411
2020-10-24 15:23:29 info: API SERVER Running at:3001
2020-10-24 15:23:30 info: DB Conenction Sucess
2020-10-24 15:24:31 info: Authorizing...
2020-10-24 15:24:31 info: Decoded Info:[object Object]
2020-10-24 15:24:31 info: userId,_ofyQhK9u
2020-10-24 15:24:31 info: Create Issue Validation
2020-10-24 15:24:31 info: Create Issue Control
2020-10-24 15:24:31 info: Validate user stub
2020-10-24 15:24:32 info: null
2020-10-24 15:24:32 info: POST /api/v1/issue/create?userId=_ofyQhK9u&title=First%20Issue&description=this%20is%20a%20test%20issue&status=backlog&reporter=saurabh&priority=high&estimates=1%20w&watchList=saurabh 200 293.442 ms - 388
2020-10-24 15:25:00 info: API SERVER Running at:3001
2020-10-24 15:25:01 info: DB Conenction Sucess
2020-10-24 15:26:06 info: API SERVER Running at:3001
2020-10-24 15:26:07 info: DB Conenction Sucess
2020-10-24 15:26:19 info: API SERVER Running at:3001
2020-10-24 15:26:20 info: DB Conenction Sucess
2020-10-24 15:26:34 info: API SERVER Running at:3001
2020-10-24 15:26:35 info: DB Conenction Sucess
2020-10-24 15:27:01 info: Authorizing...
2020-10-24 15:28:24 info: API SERVER Running at:3001
2020-10-24 15:28:26 info: DB Conenction Sucess
2020-10-24 15:28:30 info: Authorizing...
2020-10-24 15:29:25 info: API SERVER Running at:3001
2020-10-24 15:29:26 info: DB Conenction Sucess
2020-10-24 15:29:29 info: API SERVER Running at:3001
2020-10-24 15:29:30 info: DB Conenction Sucess
2020-10-24 15:29:33 info: Authorizing...
2020-10-24 15:29:33 info: POST /api/v1/issue/create?userId=_ofyQhK9u&title=First%20Issue&description=this%20is%20a%20test%20issue&status=backlog&reporter=saurabh&priority=high&estimates=1%20w&watchList=saurabh 400 9.223 ms - 107
2020-10-24 15:29:45 info: Authorizing...
2020-10-24 15:29:45 info: Decoded Info:[object Object]
2020-10-24 15:29:45 info: userId,_ofyQhK9u
2020-10-24 15:29:45 info: Create Issue Validation
2020-10-24 15:29:45 info: Create Issue Control
2020-10-24 15:29:45 info: Validate user stub
2020-10-24 15:29:46 info: null
2020-10-24 15:29:46 info: POST /api/v1/issue/create?userId=_ofyQhK9u&title=First%20Issue&description=this%20is%20a%20test%20issue&status=backlog&reporter=saurabh&priority=high&estimates=1%20w&watchList=saurabh 200 277.242 ms - 388
2020-10-24 15:30:22 info: API SERVER Running at:3001
2020-10-24 15:30:23 info: DB Conenction Sucess
2020-10-24 15:30:27 info: API SERVER Running at:3001
2020-10-24 15:30:29 info: API SERVER Running at:3001
2020-10-24 15:30:30 info: DB Conenction Sucess
2020-10-24 15:31:26 info: API SERVER Running at:3001
2020-10-24 15:31:27 info: DB Conenction Sucess
2020-10-24 15:31:31 info: API SERVER Running at:3001
2020-10-24 15:31:32 info: DB Conenction Sucess
2020-10-24 15:31:38 info: API SERVER Running at:3001
2020-10-24 15:31:39 info: DB Conenction Sucess
2020-10-24 15:32:02 info: API SERVER Running at:3001
2020-10-24 15:32:03 info: DB Conenction Sucess
2020-10-24 15:32:58 info: API SERVER Running at:3001
2020-10-24 15:32:59 info: DB Conenction Sucess
2020-10-24 15:33:32 info: API SERVER Running at:3001
2020-10-24 15:33:33 info: DB Conenction Sucess
2020-10-24 15:34:12 info: API SERVER Running at:3001
2020-10-24 15:34:13 info: DB Conenction Sucess
2020-10-24 15:34:18 info: API SERVER Running at:3001
2020-10-24 15:34:19 info: DB Conenction Sucess
2020-10-24 15:35:09 info: API SERVER Running at:3001
2020-10-24 15:35:10 info: DB Conenction Sucess
2020-10-24 15:36:04 info: API SERVER Running at:3001
2020-10-24 15:36:05 info: DB Conenction Sucess
2020-10-24 15:36:23 info: API SERVER Running at:3001
2020-10-24 15:36:24 info: DB Conenction Sucess
2020-10-24 15:36:32 info: API SERVER Running at:3001
2020-10-24 15:36:33 info: DB Conenction Sucess
2020-10-24 15:36:39 info: API SERVER Running at:3001
2020-10-24 15:36:40 info: API SERVER Running at:3001
2020-10-24 15:36:41 info: DB Conenction Sucess
2020-10-24 15:37:09 info: API SERVER Running at:3001
2020-10-24 15:37:11 info: DB Conenction Sucess
2020-10-24 15:37:25 info: API SERVER Running at:3001
2020-10-24 15:37:26 info: DB Conenction Sucess
2020-10-24 15:37:32 info: API SERVER Running at:3001
2020-10-24 15:37:33 info: DB Conenction Sucess
2020-10-24 15:38:24 info: GET /api/v1/issue/create?userId=_ofyQhK9u 404 5.334 ms - 82
2020-10-24 15:38:40 info: API SERVER Running at:3001
2020-10-24 15:38:41 info: DB Conenction Sucess
2020-10-24 15:38:47 info: Authorizing...
2020-10-24 15:38:47 info: Get All Issues Validations
2020-10-24 15:38:47 info: Get All Issues Control
2020-10-24 15:38:47 info: Validate user stub
2020-10-24 15:38:47 info: GET /api/v1/issue/allIssues?userId=_ofyQhK9u 200 316.960 ms - 1386
2020-10-24 15:52:57 info: API SERVER Running at:3001
2020-10-24 15:52:58 info: DB Conenction Sucess
2020-10-24 15:53:05 info: API SERVER Running at:3001
2020-10-24 15:53:06 info: DB Conenction Sucess
2020-10-24 15:53:12 info: API SERVER Running at:3001
2020-10-24 15:53:13 info: DB Conenction Sucess
2020-10-24 15:53:22 info: API SERVER Running at:3001
2020-10-24 15:53:23 info: DB Conenction Sucess
2020-10-24 15:53:34 info: API SERVER Running at:3001
2020-10-24 15:53:35 info: DB Conenction Sucess
2020-10-24 15:53:38 info: API SERVER Running at:3001
2020-10-24 15:53:39 info: DB Conenction Sucess
2020-10-24 15:53:49 info: API SERVER Running at:3001
2020-10-24 15:53:50 info: DB Conenction Sucess
2020-10-24 15:54:04 info: API SERVER Running at:3001
2020-10-24 15:54:05 info: DB Conenction Sucess
2020-10-24 15:54:16 info: API SERVER Running at:3001
2020-10-24 15:54:17 info: DB Conenction Sucess
2020-10-24 15:54:19 info: API SERVER Running at:3001
2020-10-24 15:54:20 info: DB Conenction Sucess
2020-10-24 15:54:26 info: API SERVER Running at:3001
2020-10-24 15:54:27 info: DB Conenction Sucess
2020-10-24 15:54:42 info: API SERVER Running at:3001
2020-10-24 15:54:43 info: DB Conenction Sucess
2020-10-24 15:55:07 info: API SERVER Running at:3001
2020-10-24 15:55:09 info: DB Conenction Sucess
2020-10-24 15:55:11 info: API SERVER Running at:3001
2020-10-24 15:55:12 info: DB Conenction Sucess
2020-10-24 15:55:36 info: API SERVER Running at:3001
2020-10-24 15:55:36 info: DB Conenction Sucess
2020-10-24 15:55:48 info: API SERVER Running at:3001
2020-10-24 15:55:49 info: DB Conenction Sucess
2020-10-24 15:56:08 info: API SERVER Running at:3001
2020-10-24 15:56:09 info: DB Conenction Sucess
2020-10-24 15:56:11 info: API SERVER Running at:3001
2020-10-24 15:56:12 info: DB Conenction Sucess
2020-10-24 15:57:46 info: API SERVER Running at:3001
2020-10-24 15:57:47 info: DB Conenction Sucess
2020-10-24 15:58:15 info: API SERVER Running at:3001
2020-10-24 15:58:16 info: DB Conenction Sucess
2020-10-24 15:58:23 info: API SERVER Running at:3001
2020-10-24 15:58:24 info: DB Conenction Sucess
2020-10-24 15:59:01 info: API SERVER Running at:3001
2020-10-24 15:59:02 info: DB Conenction Sucess
2020-10-24 15:59:14 info: API SERVER Running at:3001
2020-10-24 15:59:15 info: DB Conenction Sucess
2020-10-24 15:59:23 info: API SERVER Running at:3001
2020-10-24 15:59:24 info: DB Conenction Sucess
2020-10-24 16:06:02 info: API SERVER Running at:3001
2020-10-24 16:06:04 info: DB Conenction Sucess
2020-10-24 16:11:29 info: API SERVER Running at:3001
2020-10-24 16:11:31 info: DB Conenction Sucess
2020-10-24 16:11:32 info: API SERVER Running at:3001
2020-10-24 16:11:33 info: DB Conenction Sucess
2020-10-24 16:11:48 info: API SERVER Running at:3001
2020-10-24 16:11:49 info: DB Conenction Sucess
2020-10-24 16:12:00 info: API SERVER Running at:3001
2020-10-24 16:12:01 info: DB Conenction Sucess
2020-10-24 16:12:11 info: API SERVER Running at:3001
2020-10-24 16:12:12 info: API SERVER Running at:3001
2020-10-24 16:12:12 info: DB Conenction Sucess
2020-10-24 16:57:06 info: API SERVER Running at:3001
2020-10-24 16:57:07 info: DB Conenction Sucess
2020-10-24 16:57:50 info: API SERVER Running at:3001
2020-10-24 16:57:51 info: DB Conenction Sucess
2020-10-24 16:59:03 info: API SERVER Running at:3001
2020-10-24 16:59:04 info: DB Conenction Sucess
2020-10-24 17:03:35 info: API SERVER Running at:3001
2020-10-24 17:03:36 info: DB Conenction Sucess
2020-10-24 17:03:43 info: API SERVER Running at:3001
2020-10-24 17:03:44 info: DB Conenction Sucess
2020-10-24 17:04:17 info: API SERVER Running at:3001
2020-10-24 17:04:18 info: DB Conenction Sucess
2020-10-24 17:04:23 info: API SERVER Running at:3001
2020-10-24 17:04:24 info: DB Conenction Sucess
2020-10-24 17:04:52 info: API SERVER Running at:3001
2020-10-24 17:04:53 info: DB Conenction Sucess
2020-10-24 17:06:13 info: API SERVER Running at:3001
2020-10-24 17:06:15 info: DB Conenction Sucess
2020-10-24 17:06:46 info: API SERVER Running at:3001
2020-10-24 17:06:47 info: DB Conenction Sucess
2020-10-24 17:06:57 info: API SERVER Running at:3001
2020-10-24 17:06:58 info: DB Conenction Sucess
2020-10-24 17:07:11 info: API SERVER Running at:3001
2020-10-24 17:07:12 info: DB Conenction Sucess
2020-10-24 17:07:18 info: API SERVER Running at:3001
2020-10-24 17:07:20 info: API SERVER Running at:3001
2020-10-24 17:07:21 info: DB Conenction Sucess
2020-10-24 17:07:26 info: API SERVER Running at:3001
2020-10-24 17:07:26 info: DB Conenction Sucess
2020-10-24 17:08:08 info: API SERVER Running at:3001
2020-10-24 17:08:09 info: DB Conenction Sucess
2020-10-24 17:08:34 info: API SERVER Running at:3001
2020-10-24 17:08:35 info: DB Conenction Sucess
2020-10-24 17:09:24 info: API SERVER Running at:3001
2020-10-24 17:09:25 info: DB Conenction Sucess
2020-10-24 17:09:58 info: API SERVER Running at:3001
2020-10-24 17:09:59 info: DB Conenction Sucess
2020-10-24 17:10:12 info: API SERVER Running at:3001
2020-10-24 17:10:13 info: API SERVER Running at:3001
2020-10-24 17:10:14 info: DB Conenction Sucess
2020-10-24 17:10:22 info: API SERVER Running at:3001
2020-10-24 17:10:23 info: DB Conenction Sucess
2020-10-24 17:12:45 info: API SERVER Running at:3001
2020-10-24 17:12:46 info: DB Conenction Sucess
2020-10-24 17:12:58 info: API SERVER Running at:3001
2020-10-24 17:12:59 info: DB Conenction Sucess
2020-10-24 17:13:14 info: API SERVER Running at:3001
2020-10-24 17:13:15 info: DB Conenction Sucess
2020-10-24 17:14:21 info: API SERVER Running at:3001
2020-10-24 17:14:22 info: DB Conenction Sucess
2020-10-24 17:14:38 info: API SERVER Running at:3001
2020-10-24 17:14:39 info: DB Conenction Sucess
2020-10-24 17:14:56 info: API SERVER Running at:3001
2020-10-24 17:14:57 info: DB Conenction Sucess
2020-10-24 17:15:01 info: API SERVER Running at:3001
2020-10-24 17:15:02 info: DB Conenction Sucess
2020-10-24 17:15:33 info: API SERVER Running at:3001
2020-10-24 17:15:35 info: DB Conenction Sucess
2020-10-24 17:16:01 info: API SERVER Running at:3001
2020-10-24 17:16:02 info: API SERVER Running at:3001
2020-10-24 17:16:03 info: DB Conenction Sucess
2020-10-24 17:32:27 info: API SERVER Running at:3001
2020-10-24 17:32:28 info: DB Conenction Sucess
2020-10-24 17:32:39 info: API SERVER Running at:3001
2020-10-24 17:32:40 info: DB Conenction Sucess
2020-10-24 17:32:42 info: API SERVER Running at:3001
2020-10-24 17:32:43 info: DB Conenction Sucess
2020-10-24 17:33:12 info: API SERVER Running at:3001
2020-10-24 17:33:13 info: DB Conenction Sucess
2020-10-24 17:33:45 info: API SERVER Running at:3001
2020-10-24 17:33:46 info: API SERVER Running at:3001
2020-10-24 17:33:47 info: DB Conenction Sucess
2020-10-24 17:34:05 info: API SERVER Running at:3001
2020-10-24 17:34:06 info: DB Conenction Sucess
2020-10-24 17:34:15 info: API SERVER Running at:3001
2020-10-24 17:34:16 info: DB Conenction Sucess
2020-10-24 17:34:33 info: API SERVER Running at:3001
2020-10-24 17:34:34 info: DB Conenction Sucess
2020-10-24 17:35:07 info: API SERVER Running at:3001
2020-10-24 17:35:08 info: DB Conenction Sucess
2020-10-24 17:35:28 info: API SERVER Running at:3001
2020-10-24 17:35:29 info: DB Conenction Sucess
2020-10-24 17:36:12 info: API SERVER Running at:3001
2020-10-24 17:36:13 info: DB Conenction Sucess
2020-10-24 17:36:21 info: API SERVER Running at:3001
2020-10-24 17:36:22 info: DB Conenction Sucess
2020-10-24 17:37:14 info: API SERVER Running at:3001
2020-10-24 17:37:15 info: DB Conenction Sucess
2020-10-24 17:37:42 info: API SERVER Running at:3001
2020-10-24 17:37:43 info: DB Conenction Sucess
2020-10-24 17:38:03 info: API SERVER Running at:3001
2020-10-24 17:38:04 info: DB Conenction Sucess
2020-10-24 17:38:18 info: API SERVER Running at:3001
2020-10-24 17:38:20 info: DB Conenction Sucess
2020-10-24 17:38:23 info: API SERVER Running at:3001
2020-10-24 17:38:24 info: DB Conenction Sucess
2020-10-24 17:39:06 info: API SERVER Running at:3001
2020-10-24 17:39:07 info: DB Conenction Sucess
2020-10-24 17:39:11 info: API SERVER Running at:3001
2020-10-24 17:39:12 info: DB Conenction Sucess
2020-10-24 17:39:59 info: API SERVER Running at:3001
2020-10-24 17:40:00 info: DB Conenction Sucess
2020-10-24 17:40:21 info: API SERVER Running at:3001
2020-10-24 17:40:21 info: DB Conenction Sucess
2020-10-24 17:40:32 info: API SERVER Running at:3001
2020-10-24 17:40:33 info: DB Conenction Sucess
2020-10-24 17:40:45 info: API SERVER Running at:3001
2020-10-24 17:40:46 info: DB Conenction Sucess
2020-10-24 17:41:01 info: API SERVER Running at:3001
2020-10-24 17:41:02 info: DB Conenction Sucess
2020-10-24 17:41:14 info: API SERVER Running at:3001
2020-10-24 17:41:15 info: DB Conenction Sucess
2020-10-24 17:41:35 info: API SERVER Running at:3001
2020-10-24 17:41:36 info: DB Conenction Sucess
2020-10-24 17:42:16 info: API SERVER Running at:3001
2020-10-24 17:42:17 info: DB Conenction Sucess
2020-10-24 17:42:42 info: API SERVER Running at:3001
2020-10-24 17:42:43 info: DB Conenction Sucess
2020-10-24 17:43:07 info: API SERVER Running at:3001
2020-10-24 17:43:08 info: DB Conenction Sucess
2020-10-24 17:43:22 info: API SERVER Running at:3001
2020-10-24 17:43:23 info: DB Conenction Sucess
2020-10-24 17:43:42 info: API SERVER Running at:3001
2020-10-24 17:43:43 info: DB Conenction Sucess
2020-10-24 17:45:08 info: API SERVER Running at:3001
2020-10-24 17:45:09 info: DB Conenction Sucess
2020-10-24 17:45:30 info: API SERVER Running at:3001
2020-10-24 17:45:31 info: DB Conenction Sucess
2020-10-24 17:45:41 info: API SERVER Running at:3001
2020-10-24 17:45:42 info: DB Conenction Sucess
2020-10-24 17:45:50 info: API SERVER Running at:3001
2020-10-24 17:45:51 info: DB Conenction Sucess
2020-10-24 17:46:00 info: API SERVER Running at:3001
2020-10-24 17:46:01 info: DB Conenction Sucess
2020-10-24 17:49:05 info: API SERVER Running at:3001
2020-10-24 17:49:06 info: DB Conenction Sucess
2020-10-24 17:49:18 info: Authorizing...
2020-10-24 17:49:18 info: Filter user validations
2020-10-24 17:49:18 info: Filter Issues Control
2020-10-24 17:49:18 info: Computing status filter options
2020-10-24 17:49:18 info: Validate user stub
2020-10-24 17:49:19 info: GET /api/v1/issue/filterIssues?userId=_ofyQhK9u&name=saurabh&option=all&type=status 200 279.428 ms - 1232
2020-10-24 17:49:54 info: Authorizing...
2020-10-24 17:49:54 info: Filter user validations
2020-10-24 17:49:54 info: Filter Issues Control
2020-10-24 17:49:54 info: Computing status filter options
2020-10-24 17:49:54 info: Validate user stub
2020-10-24 17:49:54 info: GET /api/v1/issue/filterIssues?userId=_ofyQhK9u&name=saurabh&option=reportedByMe&type=status 200 209.086 ms - 1232
2020-10-24 17:50:09 info: Authorizing...
2020-10-24 17:50:09 info: Filter user validations
2020-10-24 17:50:09 info: Filter Issues Control
2020-10-24 17:50:09 info: Computing status filter options
2020-10-24 17:50:09 info: Validate user stub
2020-10-24 17:50:09 info: GET /api/v1/issue/filterIssues?userId=_ofyQhK9u&name=saurabh&option=openIssues&type=status 200 214.306 ms - 75
2020-10-24 17:50:42 info: Authorizing...
2020-10-24 17:50:42 info: Filter user validations
2020-10-24 17:50:42 info: Filter Issues Control
2020-10-24 17:50:42 info: Computing status filter options
2020-10-24 17:50:42 info: Validate user stub
2020-10-24 17:50:42 info: GET /api/v1/issue/filterIssues?userId=_ofyQhK9u&name=saurabh&option=doneIssues&type=status 200 234.369 ms - 75
2020-10-24 17:51:06 info: Authorizing...
2020-10-24 17:51:06 info: Filter user validations
2020-10-24 17:51:06 info: Filter Issues Control
2020-10-24 17:51:06 info: Computing status filter options
2020-10-24 17:51:06 info: Validate user stub
2020-10-24 17:51:06 info: GET /api/v1/issue/filterIssues?userId=_ofyQhK9u&name=saurabh&option=updatedRecent&type=time 500 128.819 ms - 73
2020-10-24 17:51:44 info: Authorizing...
2020-10-24 17:51:44 info: Filter user validations
2020-10-24 17:51:44 info: Filter Issues Control
2020-10-24 17:51:44 info: Computing status filter options
2020-10-24 17:51:44 info: Validate user stub
2020-10-24 17:52:53 info: API SERVER Running at:3001
2020-10-24 17:52:54 info: DB Conenction Sucess
2020-10-24 17:52:58 info: Authorizing...
2020-10-24 17:52:58 info: Filter user validations
2020-10-24 17:52:58 info: Filter Issues Control
2020-10-24 17:52:58 info: Computing status filter options
2020-10-24 17:52:58 info: Validate user stub
2020-10-24 17:52:58 info: GET /api/v1/issue/filterIssues?userId=_ofyQhK9u&name=saurabh&option=resolvedRecent&type=time 200 257.038 ms - 75
2020-10-24 17:53:20 info: API SERVER Running at:3001
2020-10-24 17:53:21 info: DB Conenction Sucess
2020-10-24 17:53:22 info: Authorizing...
2020-10-24 17:53:22 info: Filter user validations
2020-10-24 17:53:22 info: Filter Issues Control
2020-10-24 17:53:22 info: Computing status filter options
2020-10-24 17:53:22 info: Validate user stub
2020-10-24 17:53:22 info: GET /api/v1/issue/filterIssues?userId=_ofyQhK9u&name=saurabh&option=resolvedRecent&type=time 200 231.367 ms - 75
2020-10-24 17:53:40 info: API SERVER Running at:3001
2020-10-24 17:53:41 info: DB Conenction Sucess
2020-10-24 17:53:56 info: API SERVER Running at:3001
2020-10-24 17:53:57 info: DB Conenction Sucess
2020-10-24 17:54:05 info: Authorizing...
2020-10-24 17:54:05 info: Filter user validations
2020-10-24 17:54:05 info: Filter Issues Control
2020-10-24 17:54:05 info: Computing status filter options
2020-10-24 17:54:05 info: Validate user stub
2020-10-24 17:54:05 info: GET /api/v1/issue/filterIssues?userId=_ofyQhK9u&name=saurabh&option=updatedRecent&type=time 500 145.947 ms - 73
2020-10-24 17:54:12 info: API SERVER Running at:3001
2020-10-24 17:54:12 info: DB Conenction Sucess
2020-10-24 17:54:13 info: Authorizing...
2020-10-24 17:54:13 info: Filter user validations
2020-10-24 17:54:13 info: Filter Issues Control
2020-10-24 17:54:13 info: Computing status filter options
2020-10-24 17:54:13 info: Validate user stub
2020-10-24 17:54:14 info: GET /api/v1/issue/filterIssues?userId=_ofyQhK9u&name=saurabh&option=updatedRecent&type=time 200 226.198 ms - 1232
2020-10-24 17:55:03 info: API SERVER Running at:3001
2020-10-24 17:55:05 info: DB Conenction Sucess
2020-10-24 17:55:51 info: API SERVER Running at:3001
2020-10-24 17:55:52 info: DB Conenction Sucess
2020-10-24 17:59:43 info: API SERVER Running at:3001
2020-10-24 17:59:44 info: DB Conenction Sucess
2020-10-24 18:01:08 info: API SERVER Running at:3001
2020-10-24 18:01:10 info: DB Conenction Sucess
2020-10-24 18:09:24 info: API SERVER Running at:3001
2020-10-24 18:09:30 info: DB Conenction Sucess
2020-10-24 18:11:25 info: API SERVER Running at:3001
2020-10-24 18:11:27 info: DB Conenction Sucess
2020-10-24 18:11:28 info: API SERVER Running at:3001
2020-10-24 18:11:29 info: DB Conenction Sucess
2020-10-24 18:12:05 info: API SERVER Running at:3001
2020-10-24 18:12:06 info: DB Conenction Sucess
2020-10-24 18:12:17 info: API SERVER Running at:3001
2020-10-24 18:12:18 info: DB Conenction Sucess
2020-10-24 18:12:21 info: API SERVER Running at:3001
2020-10-24 18:12:22 info: DB Conenction Sucess
2020-10-24 18:12:24 info: API SERVER Running at:3001
2020-10-24 18:12:25 info: DB Conenction Sucess
2020-10-24 18:12:28 info: API SERVER Running at:3001
2020-10-24 18:12:30 info: DB Conenction Sucess
2020-10-24 18:12:38 info: API SERVER Running at:3001
2020-10-24 18:12:39 info: DB Conenction Sucess
2020-10-24 18:12:56 info: API SERVER Running at:3001
2020-10-24 18:12:57 info: DB Conenction Sucess
2020-10-24 18:15:48 info: API SERVER Running at:3001
2020-10-24 18:15:49 info: DB Conenction Sucess
2020-10-24 18:16:05 info: API SERVER Running at:3001
2020-10-24 18:16:06 info: DB Conenction Sucess
2020-10-24 18:16:12 info: API SERVER Running at:3001
2020-10-24 18:16:13 info: DB Conenction Sucess
2020-10-24 18:16:21 info: API SERVER Running at:3001
2020-10-24 18:16:22 info: DB Conenction Sucess
2020-10-24 18:16:37 info: API SERVER Running at:3001
2020-10-24 18:16:37 info: DB Conenction Sucess
2020-10-24 18:18:21 info: API SERVER Running at:3001
2020-10-24 18:18:22 info: DB Conenction Sucess
2020-10-24 18:18:31 info: API SERVER Running at:3001
2020-10-24 18:18:32 info: DB Conenction Sucess
2020-10-24 18:41:10 info: API SERVER Running at:3001
2020-10-24 18:41:11 info: DB Conenction Sucess
2020-10-24 18:41:16 info: Authorizing...
2020-10-24 18:41:16 info: Create Issue Validation
2020-10-24 18:41:16 info: Create Issue Control
2020-10-24 18:41:16 info: Validate user stub
2020-10-24 18:41:17 info: ValidationError: watchList: Cast to [ObjectId] failed for value "["saurabh"]" at path "watchList"
2020-10-24 18:41:17 info: POST /api/v1/issue/create?userId=_ofyQhK9u&title=First%20Issue&description=this%20is%20a%20test%20issue&status=in-progress&reporter=saurabh&priority=high&estimates=1%20w&watchList=saurabh 500 144.305 ms - 459
2020-10-24 18:42:20 info: Authorizing...
2020-10-24 18:42:20 info: Create Issue Validation
2020-10-24 18:42:20 info: Create Issue Control
2020-10-24 18:42:20 info: Validate user stub
2020-10-24 18:42:20 info: null
2020-10-24 18:42:20 info: POST /api/v1/issue/create?userId=_ofyQhK9u&title=First%20Issue&description=this%20is%20a%20test%20issue&status=in-progress&reporter=saurabh&priority=high&estimates=1%20w&watchList=5f93cb3e1d269674d14d5533 200 272.529 ms - 439
2020-10-24 18:42:42 info: Authorizing...
2020-10-24 18:42:42 info: Filter user validations
2020-10-24 18:42:42 info: Filter Issues Control
2020-10-24 18:42:42 info: Computing status filter options
2020-10-24 18:42:42 info: Validate user stub
2020-10-24 18:42:42 info: GET /api/v1/issue/filterIssues?userId=_ofyQhK9u&name=saurabh&option=updatedRecent&type=time 200 333.098 ms - 586
2020-10-24 18:43:25 info: API SERVER Running at:3001
2020-10-24 18:43:26 info: DB Conenction Sucess
2020-10-24 18:43:41 info: API SERVER Running at:3001
2020-10-24 18:43:42 info: DB Conenction Sucess
2020-10-24 18:43:46 info: Authorizing...
2020-10-24 18:43:46 info: Filter user validations
2020-10-24 18:43:46 info: Filter Issues Control
2020-10-24 18:43:46 info: Computing status filter options
2020-10-24 18:43:46 info: Validate user stub
2020-10-24 18:43:47 info: GET /api/v1/issue/filterIssues?userId=_ofyQhK9u&name=saurabh&option=updatedRecent&type=time 200 365.508 ms - 586
2020-10-24 18:45:49 info: API SERVER Running at:3001
2020-10-24 18:45:50 info: API SERVER Running at:3001
2020-10-24 18:45:51 info: DB Conenction Sucess
2020-10-24 18:45:56 info: API SERVER Running at:3001
2020-10-24 18:45:57 info: DB Conenction Sucess
2020-10-24 18:46:01 info: API SERVER Running at:3001
2020-10-24 18:46:02 info: DB Conenction Sucess
2020-10-24 18:46:10 info: API SERVER Running at:3001
2020-10-24 18:46:11 info: DB Conenction Sucess
2020-10-24 18:46:13 info: API SERVER Running at:3001
2020-10-24 18:46:14 info: DB Conenction Sucess
2020-10-24 18:46:17 info: API SERVER Running at:3001
2020-10-24 18:46:18 info: DB Conenction Sucess
2020-10-24 18:46:22 info: API SERVER Running at:3001
2020-10-24 18:46:23 info: DB Conenction Sucess
2020-10-24 18:46:26 info: Authorizing...
2020-10-24 18:46:26 info: Filter user validations
2020-10-24 18:46:26 info: Filter Issues Control
2020-10-24 18:46:26 info: Computing status filter options
2020-10-24 18:46:26 info: Validate user stub
2020-10-24 18:46:27 info: GET /api/v1/issue/filterIssues?userId=_ofyQhK9u&name=saurabh&option=updatedRecent&type=time 200 372.759 ms - 443
2020-10-24 18:47:33 info: API SERVER Running at:3001
2020-10-24 18:47:34 info: DB Conenction Sucess
2020-10-24 18:47:50 info: API SERVER Running at:3001
2020-10-24 18:47:51 info: DB Conenction Sucess
2020-10-24 18:48:45 info: API SERVER Running at:3001
2020-10-24 18:48:46 info: DB Conenction Sucess
2020-10-24 18:48:56 info: API SERVER Running at:3001
2020-10-24 18:48:57 info: DB Conenction Sucess
2020-10-24 18:49:26 info: API SERVER Running at:3001
2020-10-24 18:49:27 info: DB Conenction Sucess
2020-10-24 18:49:36 info: API SERVER Running at:3001
2020-10-24 18:49:37 info: DB Conenction Sucess
2020-10-24 18:49:41 info: API SERVER Running at:3001
2020-10-24 18:49:42 info: DB Conenction Sucess
2020-10-24 18:49:51 info: API SERVER Running at:3001
2020-10-24 18:49:52 info: API SERVER Running at:3001
2020-10-24 18:49:53 info: DB Conenction Sucess
2020-10-24 18:50:24 info: API SERVER Running at:3001
2020-10-24 18:50:25 info: DB Conenction Sucess
2020-10-24 18:50:42 info: API SERVER Running at:3001
2020-10-24 18:50:43 info: API SERVER Running at:3001
2020-10-24 18:50:44 info: DB Conenction Sucess
2020-10-24 18:50:46 info: API SERVER Running at:3001
2020-10-24 18:50:47 info: DB Conenction Sucess
2020-10-24 18:50:54 info: Authorizing...
2020-10-24 18:50:54 info: Filter user validations
2020-10-24 18:50:54 info: Filter Issues Control
2020-10-24 18:50:54 info: Computing status filter options
2020-10-24 18:50:54 info: Validate user stub
2020-10-24 18:50:55 info: GET /api/v1/issue/filter?userId=_ofyQhK9u&name=saurabh&option=updatedRecent&type=time 200 318.928 ms - 443
2020-10-24 18:53:25 info: Authorizing...
2020-10-24 18:53:25 info: Update issue validations
2020-10-24 18:53:25 info: PUT /api/v1/issue/update?userId=_ofyQhK9u&issueId=TqX49OHSS&updates={%0A%20%20%20%20%22title%22:%20%22First%20Issue%22,%0A%20%20%20%20%20%20%20%20%20%20%20%20%22status%22:%20%22in-progress%22,%0A%20%20%20%20%20%20%20%20%20%20%20%20%22reporter%22:%20%22saurabh%22,%0A%20%20%20%20%20%20%20%20%20%20%20%20%22priority%22:%20%22high%22,%0A%20%20%20%20%20%20%20%20%20%20%20%20%22estimates%22:%20%221%20w%22%0A} 400 2.882 ms - 69
2020-10-24 18:53:32 info: Authorizing...
2020-10-24 18:53:32 info: Update issue validations
2020-10-24 18:53:32 info: PUT /api/v1/issue/update?userId=_ofyQhK9u&issueId=TqX49OHSS&updates={%0A%20%20%20%20%22title%22:%20%22First%20Issue%22,%0A%20%20%20%20%20%20%20%20%20%20%20%20%22status%22:%20%22in-progress%22,%0A%20%20%20%20%20%20%20%20%20%20%20%20%22reporter%22:%20%22saurabh%22,%0A%20%20%20%20%20%20%20%20%20%20%20%20%22priority%22:%20%22high%22,%0A%20%20%20%20%20%20%20%20%20%20%20%20%22estimates%22:%20%221%20w%22%0A} 400 2.626 ms - 132
2020-10-24 18:56:54 info: API SERVER Running at:3001
2020-10-24 18:56:56 info: DB Conenction Sucess
2020-10-24 18:57:02 info: API SERVER Running at:3001
2020-10-24 18:57:03 info: DB Conenction Sucess
2020-10-24 18:57:47 info: API SERVER Running at:3001
2020-10-24 18:57:48 info: DB Conenction Sucess
2020-10-24 19:00:39 info: Authorizing...
2020-10-24 19:00:39 info: Update issue validations
2020-10-24 19:00:39 info: Update Issue Control
2020-10-24 19:00:39 info: Validate user stub
2020-10-24 19:01:37 info: API SERVER Running at:3001
2020-10-24 19:01:39 info: DB Conenction Sucess
2020-10-24 19:01:50 info: API SERVER Running at:3001
2020-10-24 19:01:51 info: DB Conenction Sucess
2020-10-24 19:02:00 info: API SERVER Running at:3001
2020-10-24 19:02:01 info: DB Conenction Sucess
2020-10-24 19:02:06 info: Authorizing...
2020-10-24 19:02:06 info: Update issue validations
2020-10-24 19:02:06 info: Update Issue Control
2020-10-24 19:02:06 info: Validate user stub
2020-10-24 19:02:06 info: Validate issue stub
2020-10-24 19:02:06 info: PUT /api/v1/issue/update?userId=_ofyQhK9u 404 168.785 ms - 64
2020-10-24 19:03:00 info: API SERVER Running at:3001
2020-10-24 19:03:01 info: DB Conenction Sucess
2020-10-24 19:03:03 info: Authorizing...
2020-10-24 19:03:03 info: Update issue validations
2020-10-24 19:03:03 info: Update Issue Control
2020-10-24 19:03:03 info: Validate user stub
2020-10-24 19:03:03 info: Validate issue stub
2020-10-24 19:03:04 info: PUT /api/v1/issue/update?userId=_ofyQhK9u 404 268.915 ms - 65
2020-10-24 19:03:35 info: API SERVER Running at:3001
2020-10-24 19:03:36 info: DB Conenction Sucess
2020-10-24 19:03:44 info: Authorizing...
2020-10-24 19:03:44 info: Update issue validations
2020-10-24 19:03:44 info: Update Issue Control
2020-10-24 19:03:44 info: Validate user stub
2020-10-24 19:03:44 info: Validate issue stub
2020-10-24 19:03:44 info: PUT /api/v1/issue/update?userId=_ofyQhK9u 200 364.784 ms - 79
2020-10-24 19:03:57 info: Authorizing...
2020-10-24 19:03:57 info: Filter user validations
2020-10-24 19:03:57 info: Filter Issues Control
2020-10-24 19:03:57 info: Computing status filter options
2020-10-24 19:03:57 info: Validate user stub
2020-10-24 19:03:57 info: GET /api/v1/issue/filter?userId=_ofyQhK9u&name=saurabh&option=updatedRecent&type=time 200 355.324 ms - 450
2020-10-24 19:04:38 info: API SERVER Running at:3001
2020-10-24 19:04:39 info: DB Conenction Sucess
2020-10-24 19:05:32 info: API SERVER Running at:3001
2020-10-24 19:05:33 info: API SERVER Running at:3001
2020-10-24 19:05:34 info: DB Conenction Sucess
2020-10-24 19:05:40 info: Authorizing...
2020-10-24 19:05:40 info: Update issue validations
2020-10-24 19:05:40 info: Update Issue Control
2020-10-24 19:05:40 info: Validate user stub
2020-10-24 19:05:40 info: Validate issue stub
2020-10-24 19:05:40 info: PUT /api/v1/issue/update?userId=_ofyQhK9u 200 405.359 ms - 79
2020-10-24 19:05:45 info: Authorizing...
2020-10-24 19:05:45 info: Filter user validations
2020-10-24 19:05:45 info: Filter Issues Control
2020-10-24 19:05:45 info: Computing status filter options
2020-10-24 19:05:45 info: Validate user stub
2020-10-24 19:05:45 info: GET /api/v1/issue/filter?userId=_ofyQhK9u&name=saurabh&option=updatedRecent&type=time 200 342.259 ms - 450
2020-10-24 19:08:38 info: Regestration Parameter validation
2020-10-24 19:08:38 info: User Registration Control
2020-10-24 19:08:38 info: POST /api/v1/user/register 200 458.711 ms - 162
2020-10-24 19:09:33 info: Authorizing...
2020-10-24 19:09:33 info: Update issue validations
2020-10-24 19:09:33 info: Update Issue Control
2020-10-24 19:09:33 info: Validate user stub
2020-10-24 19:09:33 info: Validate issue stub
2020-10-24 19:09:33 info: PUT /api/v1/issue/update?userId=_ofyQhK9u 500 318.316 ms - 124
2020-10-24 19:10:54 info: API SERVER Running at:3001
2020-10-24 19:10:55 info: DB Conenction Sucess
2020-10-24 19:10:57 info: Authorizing...
2020-10-24 19:10:57 info: Update issue validations
2020-10-24 19:10:57 info: Update Issue Control
2020-10-24 19:10:57 info: Validate user stub
2020-10-24 19:10:57 info: Validate issue stub
2020-10-24 19:10:57 info: PUT /api/v1/issue/update?userId=_ofyQhK9u 200 394.461 ms - 79
2020-10-24 19:11:03 info: Authorizing...
2020-10-24 19:11:03 info: Filter user validations
2020-10-24 19:11:03 info: Filter Issues Control
2020-10-24 19:11:03 info: Computing status filter options
2020-10-24 19:11:03 info: Validate user stub
2020-10-24 19:11:03 info: GET /api/v1/issue/filter?userId=_ofyQhK9u&name=saurabh&option=updatedRecent&type=time 200 295.895 ms - 568
